#
# There is insufficient memory for the Java Runtime Environment to continue.
# Native memory allocation (malloc) failed to allocate 32744 bytes for ChunkPool::allocate
# Possible reasons:
#   The system is out of physical RAM or swap space
#   The process is running with CompressedOops enabled, and the Java Heap may be blocking the growth of the native heap
# Possible solutions:
#   Reduce memory load on the system
#   Increase physical memory or swap space
#   Check if swap backing store is full
#   Decrease Java heap size (-Xmx/-Xms)
#   Decrease number of Java threads
#   Decrease Java thread stack sizes (-Xss)
#   Set larger code cache with -XX:ReservedCodeCacheSize=
#   JVM is running with Unscaled Compressed Oops mode in which the Java heap is
#     placed in the first 4GB address space. The Java Heap base address is the
#     maximum limit for the native heap growth. Please use -XX:HeapBaseMinAddress
#     to set the Java Heap base and to place the Java Heap above 4GB virtual address.
# This output file may be truncated or incomplete.
#
#  Out of Memory Error (t:/workspace/open/src/hotspot/share/memory/arena.cpp:80), pid=24440, tid=20276
#
# JRE version: Java(TM) SE Runtime Environment (13.0.1+9) (build 13.0.1+9)
# Java VM: Java HotSpot(TM) 64-Bit Server VM (13.0.1+9, mixed mode, sharing, tiered, compressed oops, g1 gc, windows-amd64)
# No core dump will be written. Minidumps are not enabled by default on client versions of Windows
#

---------------  S U M M A R Y ------------

Command Line: -agentlib:jdwp=transport=dt_socket,suspend=y,address=localhost:63658 -Dfile.encoding=Cp1252 cucumber.api.cli.Main C:/Users/manua/eclipse-workspace/AutomationProject/src/test/resources/featureFiles/dailyExecutions/dailyCasesInCountries.feature --glue classpath: --plugin pretty --monochrome

Host: Intel(R) Core(TM) i3-2310M CPU @ 2.10GHz, 4 cores, 7G,  Windows 10 , 64 bit Build 18362 (10.0.18362.329)
Time: Sat Apr 11 15:22:07 2020 India Standard Time elapsed time: 15 seconds (0d 0h 0m 15s)

---------------  T H R E A D  ---------------

Current thread (0x0000028d6c664000):  JavaThread "C2 CompilerThread0" daemon [_thread_in_native, id=20276, stack(0x000000bd23f00000,0x000000bd24000000)]


Current CompileTask:
C2:  15523  335       4       java.lang.StringUTF16::compress (50 bytes)

Stack: [0x000000bd23f00000,0x000000bd24000000]
Native frames: (J=compiled Java code, j=interpreted, Vv=VM code, C=native code)
V  [jvm.dll+0x626eca]
V  [jvm.dll+0x772c6a]
V  [jvm.dll+0x77441f]
V  [jvm.dll+0x774a23]
V  [jvm.dll+0x24da58]
V  [jvm.dll+0xc3d16]
V  [jvm.dll+0xc406c]
V  [jvm.dll+0xc3bcd]
V  [jvm.dll+0x6094df]
V  [jvm.dll+0x658a2c]
V  [VERSION.dll+0x1a10cc]
V  [bcryptPrimitives.dll+0x2079d6]
V  [jvm.dll+0x206adf]
V  [jvm.dll+0x18b94c]
V  [jvm.dll+0x2159bd]
V  [jvm.dll+0x213e6b]
V  [jvm.dll+0x738b16]
V  [jvm.dll+0x731c0a]
V  [jvm.dll+0x6260c6]
C  [ucrtbase.dll+0x20e72]
C  [KERNEL32.DLL+0x17bd4]
C  [ntdll.dll+0x6ced1]


---------------  P R O C E S S  ---------------

Threads class SMR info:
_java_thread_list=0x0000028d6dcadc80, length=13, elements={
0x0000028d4e1c4800, 0x0000028d6c641800, 0x0000028d6c645800, 0x0000028d6c661000,
0x0000028d6c663000, 0x0000028d6c664000, 0x0000028d6cfd3800, 0x0000028d6cfd9000,
0x0000028d6d0c5800, 0x0000028d6d0c6000, 0x0000028d6d0c7800, 0x0000028d6d0d8000,
0x0000028d6d0e4800
}

Java Threads: ( => current thread )
  0x0000028d4e1c4800 JavaThread "main" [_thread_in_Java, id=23992, stack(0x000000bd23400000,0x000000bd23500000)]
  0x0000028d6c641800 JavaThread "Reference Handler" daemon [_thread_blocked, id=12772, stack(0x000000bd23b00000,0x000000bd23c00000)]
  0x0000028d6c645800 JavaThread "Finalizer" daemon [_thread_blocked, id=11844, stack(0x000000bd23c00000,0x000000bd23d00000)]
  0x0000028d6c661000 JavaThread "Signal Dispatcher" daemon [_thread_blocked, id=18404, stack(0x000000bd23d00000,0x000000bd23e00000)]
  0x0000028d6c663000 JavaThread "Attach Listener" daemon [_thread_blocked, id=22408, stack(0x000000bd23e00000,0x000000bd23f00000)]
=>0x0000028d6c664000 JavaThread "C2 CompilerThread0" daemon [_thread_in_native, id=20276, stack(0x000000bd23f00000,0x000000bd24000000)]
  0x0000028d6cfd3800 JavaThread "C1 CompilerThread0" daemon [_thread_blocked, id=22452, stack(0x000000bd24000000,0x000000bd24100000)]
  0x0000028d6cfd9000 JavaThread "Sweeper thread" daemon [_thread_blocked, id=1560, stack(0x000000bd24100000,0x000000bd24200000)]
  0x0000028d6d0c5800 JavaThread "JDWP Transport Listener: dt_socket" daemon [_thread_blocked, id=5416, stack(0x000000bd24200000,0x000000bd24300000)]
  0x0000028d6d0c6000 JavaThread "JDWP Event Helper Thread" daemon [_thread_blocked, id=11652, stack(0x000000bd24300000,0x000000bd24400000)]
  0x0000028d6d0c7800 JavaThread "JDWP Command Reader" daemon [_thread_in_native, id=12708, stack(0x000000bd24400000,0x000000bd24500000)]
  0x0000028d6d0d8000 JavaThread "Service Thread" daemon [_thread_blocked, id=22788, stack(0x000000bd24500000,0x000000bd24600000)]
  0x0000028d6d0e4800 JavaThread "Common-Cleaner" daemon [_thread_blocked, id=23792, stack(0x000000bd24700000,0x000000bd24800000)]

Other Threads:
  0x0000028d6c63e000 VMThread "VM Thread" [stack: 0x000000bd23a00000,0x000000bd23b00000] [id=21268]
  0x0000028d6d0de800 WatcherThread [stack: 0x000000bd24600000,0x000000bd24700000] [id=7772]
  0x0000028d4e209000 GCTaskThread "GC Thread#0" [stack: 0x000000bd23500000,0x000000bd23600000] [id=23200]
  0x0000028d4e21a800 ConcurrentGCThread "G1 Main Marker" [stack: 0x000000bd23600000,0x000000bd23700000] [id=18792]
  0x0000028d4e21c800 ConcurrentGCThread "G1 Conc#0" [stack: 0x000000bd23700000,0x000000bd23800000] [id=19032]
  0x0000028d4e286800 ConcurrentGCThread "G1 Refine#0" [stack: 0x000000bd23800000,0x000000bd23900000] [id=23968]
  0x0000028d6c4c1800 ConcurrentGCThread "G1 Young RemSet Sampling" [stack: 0x000000bd23900000,0x000000bd23a00000] [id=24144]

Threads with active compile tasks:
C2 CompilerThread0    17778  335       4       java.lang.StringUTF16::compress (50 bytes)

VM state:not at safepoint (normal execution)

VM Mutex/Monitor currently owned by a thread: None

Heap address: 0x0000000082400000, size: 2012 MB, Compressed Oops mode: 32-bit
Narrow klass base: 0x0000000800000000, Narrow klass shift: 3
Compressed class space size: 1073741824 Address: 0x0000000800b40000

Heap:
 garbage-first heap   total 129024K, used 10240K [0x0000000082400000, 0x0000000100000000)
  region size 1024K, 12 young (12288K), 0 survivors (0K)
 Metaspace       used 2696K, capacity 5859K, committed 6144K, reserved 1056768K
  class space    used 332K, capacity 658K, committed 768K, reserved 1048576K
Heap Regions: E=young(eden), S=young(survivor), O=old, HS=humongous(starts), HC=humongous(continues), CS=collection set, F=free, A=archive, TAMS=top-at-mark-start (previous, next)
|   0|0x0000000082400000, 0x0000000082400000, 0x0000000082500000|  0%| F|  |TAMS 0x0000000082400000, 0x0000000082400000| Untracked 
|   1|0x0000000082500000, 0x0000000082500000, 0x0000000082600000|  0%| F|  |TAMS 0x0000000082500000, 0x0000000082500000| Untracked 
|   2|0x0000000082600000, 0x0000000082600000, 0x0000000082700000|  0%| F|  |TAMS 0x0000000082600000, 0x0000000082600000| Untracked 
|   3|0x0000000082700000, 0x0000000082700000, 0x0000000082800000|  0%| F|  |TAMS 0x0000000082700000, 0x0000000082700000| Untracked 
|   4|0x0000000082800000, 0x0000000082800000, 0x0000000082900000|  0%| F|  |TAMS 0x0000000082800000, 0x0000000082800000| Untracked 
|   5|0x0000000082900000, 0x0000000082900000, 0x0000000082a00000|  0%| F|  |TAMS 0x0000000082900000, 0x0000000082900000| Untracked 
|   6|0x0000000082a00000, 0x0000000082a00000, 0x0000000082b00000|  0%| F|  |TAMS 0x0000000082a00000, 0x0000000082a00000| Untracked 
|   7|0x0000000082b00000, 0x0000000082b00000, 0x0000000082c00000|  0%| F|  |TAMS 0x0000000082b00000, 0x0000000082b00000| Untracked 
|   8|0x0000000082c00000, 0x0000000082c00000, 0x0000000082d00000|  0%| F|  |TAMS 0x0000000082c00000, 0x0000000082c00000| Untracked 
|   9|0x0000000082d00000, 0x0000000082d00000, 0x0000000082e00000|  0%| F|  |TAMS 0x0000000082d00000, 0x0000000082d00000| Untracked 
|  10|0x0000000082e00000, 0x0000000082e00000, 0x0000000082f00000|  0%| F|  |TAMS 0x0000000082e00000, 0x0000000082e00000| Untracked 
|  11|0x0000000082f00000, 0x0000000082f00000, 0x0000000083000000|  0%| F|  |TAMS 0x0000000082f00000, 0x0000000082f00000| Untracked 
|  12|0x0000000083000000, 0x0000000083000000, 0x0000000083100000|  0%| F|  |TAMS 0x0000000083000000, 0x0000000083000000| Untracked 
|  13|0x0000000083100000, 0x0000000083100000, 0x0000000083200000|  0%| F|  |TAMS 0x0000000083100000, 0x0000000083100000| Untracked 
|  14|0x0000000083200000, 0x0000000083200000, 0x0000000083300000|  0%| F|  |TAMS 0x0000000083200000, 0x0000000083200000| Untracked 
|  15|0x0000000083300000, 0x0000000083300000, 0x0000000083400000|  0%| F|  |TAMS 0x0000000083300000, 0x0000000083300000| Untracked 
|  16|0x0000000083400000, 0x0000000083400000, 0x0000000083500000|  0%| F|  |TAMS 0x0000000083400000, 0x0000000083400000| Untracked 
|  17|0x0000000083500000, 0x0000000083500000, 0x0000000083600000|  0%| F|  |TAMS 0x0000000083500000, 0x0000000083500000| Untracked 
|  18|0x0000000083600000, 0x0000000083600000, 0x0000000083700000|  0%| F|  |TAMS 0x0000000083600000, 0x0000000083600000| Untracked 
|  19|0x0000000083700000, 0x0000000083700000, 0x0000000083800000|  0%| F|  |TAMS 0x0000000083700000, 0x0000000083700000| Untracked 
|  20|0x0000000083800000, 0x0000000083800000, 0x0000000083900000|  0%| F|  |TAMS 0x0000000083800000, 0x0000000083800000| Untracked 
|  21|0x0000000083900000, 0x0000000083900000, 0x0000000083a00000|  0%| F|  |TAMS 0x0000000083900000, 0x0000000083900000| Untracked 
|  22|0x0000000083a00000, 0x0000000083a00000, 0x0000000083b00000|  0%| F|  |TAMS 0x0000000083a00000, 0x0000000083a00000| Untracked 
|  23|0x0000000083b00000, 0x0000000083b00000, 0x0000000083c00000|  0%| F|  |TAMS 0x0000000083b00000, 0x0000000083b00000| Untracked 
|  24|0x0000000083c00000, 0x0000000083c00000, 0x0000000083d00000|  0%| F|  |TAMS 0x0000000083c00000, 0x0000000083c00000| Untracked 
|  25|0x0000000083d00000, 0x0000000083d00000, 0x0000000083e00000|  0%| F|  |TAMS 0x0000000083d00000, 0x0000000083d00000| Untracked 
|  26|0x0000000083e00000, 0x0000000083e00000, 0x0000000083f00000|  0%| F|  |TAMS 0x0000000083e00000, 0x0000000083e00000| Untracked 
|  27|0x0000000083f00000, 0x0000000083f00000, 0x0000000084000000|  0%| F|  |TAMS 0x0000000083f00000, 0x0000000083f00000| Untracked 
|  28|0x0000000084000000, 0x0000000084000000, 0x0000000084100000|  0%| F|  |TAMS 0x0000000084000000, 0x0000000084000000| Untracked 
|  29|0x0000000084100000, 0x0000000084100000, 0x0000000084200000|  0%| F|  |TAMS 0x0000000084100000, 0x0000000084100000| Untracked 
|  30|0x0000000084200000, 0x0000000084200000, 0x0000000084300000|  0%| F|  |TAMS 0x0000000084200000, 0x0000000084200000| Untracked 
|  31|0x0000000084300000, 0x0000000084300000, 0x0000000084400000|  0%| F|  |TAMS 0x0000000084300000, 0x0000000084300000| Untracked 
|  32|0x0000000084400000, 0x0000000084400000, 0x0000000084500000|  0%| F|  |TAMS 0x0000000084400000, 0x0000000084400000| Untracked 
|  33|0x0000000084500000, 0x0000000084500000, 0x0000000084600000|  0%| F|  |TAMS 0x0000000084500000, 0x0000000084500000| Untracked 
|  34|0x0000000084600000, 0x0000000084600000, 0x0000000084700000|  0%| F|  |TAMS 0x0000000084600000, 0x0000000084600000| Untracked 
|  35|0x0000000084700000, 0x0000000084700000, 0x0000000084800000|  0%| F|  |TAMS 0x0000000084700000, 0x0000000084700000| Untracked 
|  36|0x0000000084800000, 0x0000000084800000, 0x0000000084900000|  0%| F|  |TAMS 0x0000000084800000, 0x0000000084800000| Untracked 
|  37|0x0000000084900000, 0x0000000084900000, 0x0000000084a00000|  0%| F|  |TAMS 0x0000000084900000, 0x0000000084900000| Untracked 
|  38|0x0000000084a00000, 0x0000000084a00000, 0x0000000084b00000|  0%| F|  |TAMS 0x0000000084a00000, 0x0000000084a00000| Untracked 
|  39|0x0000000084b00000, 0x0000000084b00000, 0x0000000084c00000|  0%| F|  |TAMS 0x0000000084b00000, 0x0000000084b00000| Untracked 
|  40|0x0000000084c00000, 0x0000000084c00000, 0x0000000084d00000|  0%| F|  |TAMS 0x0000000084c00000, 0x0000000084c00000| Untracked 
|  41|0x0000000084d00000, 0x0000000084d00000, 0x0000000084e00000|  0%| F|  |TAMS 0x0000000084d00000, 0x0000000084d00000| Untracked 
|  42|0x0000000084e00000, 0x0000000084e00000, 0x0000000084f00000|  0%| F|  |TAMS 0x0000000084e00000, 0x0000000084e00000| Untracked 
|  43|0x0000000084f00000, 0x0000000084f00000, 0x0000000085000000|  0%| F|  |TAMS 0x0000000084f00000, 0x0000000084f00000| Untracked 
|  44|0x0000000085000000, 0x0000000085000000, 0x0000000085100000|  0%| F|  |TAMS 0x0000000085000000, 0x0000000085000000| Untracked 
|  45|0x0000000085100000, 0x0000000085100000, 0x0000000085200000|  0%| F|  |TAMS 0x0000000085100000, 0x0000000085100000| Untracked 
|  46|0x0000000085200000, 0x0000000085200000, 0x0000000085300000|  0%| F|  |TAMS 0x0000000085200000, 0x0000000085200000| Untracked 
|  47|0x0000000085300000, 0x0000000085300000, 0x0000000085400000|  0%| F|  |TAMS 0x0000000085300000, 0x0000000085300000| Untracked 
|  48|0x0000000085400000, 0x0000000085400000, 0x0000000085500000|  0%| F|  |TAMS 0x0000000085400000, 0x0000000085400000| Untracked 
|  49|0x0000000085500000, 0x0000000085500000, 0x0000000085600000|  0%| F|  |TAMS 0x0000000085500000, 0x0000000085500000| Untracked 
|  50|0x0000000085600000, 0x0000000085600000, 0x0000000085700000|  0%| F|  |TAMS 0x0000000085600000, 0x0000000085600000| Untracked 
|  51|0x0000000085700000, 0x0000000085700000, 0x0000000085800000|  0%| F|  |TAMS 0x0000000085700000, 0x0000000085700000| Untracked 
|  52|0x0000000085800000, 0x0000000085800000, 0x0000000085900000|  0%| F|  |TAMS 0x0000000085800000, 0x0000000085800000| Untracked 
|  53|0x0000000085900000, 0x0000000085900000, 0x0000000085a00000|  0%| F|  |TAMS 0x0000000085900000, 0x0000000085900000| Untracked 
|  54|0x0000000085a00000, 0x0000000085a00000, 0x0000000085b00000|  0%| F|  |TAMS 0x0000000085a00000, 0x0000000085a00000| Untracked 
|  55|0x0000000085b00000, 0x0000000085b00000, 0x0000000085c00000|  0%| F|  |TAMS 0x0000000085b00000, 0x0000000085b00000| Untracked 
|  56|0x0000000085c00000, 0x0000000085c00000, 0x0000000085d00000|  0%| F|  |TAMS 0x0000000085c00000, 0x0000000085c00000| Untracked 
|  57|0x0000000085d00000, 0x0000000085d00000, 0x0000000085e00000|  0%| F|  |TAMS 0x0000000085d00000, 0x0000000085d00000| Untracked 
|  58|0x0000000085e00000, 0x0000000085e00000, 0x0000000085f00000|  0%| F|  |TAMS 0x0000000085e00000, 0x0000000085e00000| Untracked 
|  59|0x0000000085f00000, 0x0000000085f00000, 0x0000000086000000|  0%| F|  |TAMS 0x0000000085f00000, 0x0000000085f00000| Untracked 
|  60|0x0000000086000000, 0x0000000086000000, 0x0000000086100000|  0%| F|  |TAMS 0x0000000086000000, 0x0000000086000000| Untracked 
|  61|0x0000000086100000, 0x0000000086100000, 0x0000000086200000|  0%| F|  |TAMS 0x0000000086100000, 0x0000000086100000| Untracked 
|  62|0x0000000086200000, 0x0000000086200000, 0x0000000086300000|  0%| F|  |TAMS 0x0000000086200000, 0x0000000086200000| Untracked 
|  63|0x0000000086300000, 0x0000000086300000, 0x0000000086400000|  0%| F|  |TAMS 0x0000000086300000, 0x0000000086300000| Untracked 
|  64|0x0000000086400000, 0x0000000086400000, 0x0000000086500000|  0%| F|  |TAMS 0x0000000086400000, 0x0000000086400000| Untracked 
|  65|0x0000000086500000, 0x0000000086500000, 0x0000000086600000|  0%| F|  |TAMS 0x0000000086500000, 0x0000000086500000| Untracked 
|  66|0x0000000086600000, 0x0000000086600000, 0x0000000086700000|  0%| F|  |TAMS 0x0000000086600000, 0x0000000086600000| Untracked 
|  67|0x0000000086700000, 0x0000000086700000, 0x0000000086800000|  0%| F|  |TAMS 0x0000000086700000, 0x0000000086700000| Untracked 
|  68|0x0000000086800000, 0x0000000086800000, 0x0000000086900000|  0%| F|  |TAMS 0x0000000086800000, 0x0000000086800000| Untracked 
|  69|0x0000000086900000, 0x0000000086900000, 0x0000000086a00000|  0%| F|  |TAMS 0x0000000086900000, 0x0000000086900000| Untracked 
|  70|0x0000000086a00000, 0x0000000086a00000, 0x0000000086b00000|  0%| F|  |TAMS 0x0000000086a00000, 0x0000000086a00000| Untracked 
|  71|0x0000000086b00000, 0x0000000086b00000, 0x0000000086c00000|  0%| F|  |TAMS 0x0000000086b00000, 0x0000000086b00000| Untracked 
|  72|0x0000000086c00000, 0x0000000086c00000, 0x0000000086d00000|  0%| F|  |TAMS 0x0000000086c00000, 0x0000000086c00000| Untracked 
|  73|0x0000000086d00000, 0x0000000086d00000, 0x0000000086e00000|  0%| F|  |TAMS 0x0000000086d00000, 0x0000000086d00000| Untracked 
|  74|0x0000000086e00000, 0x0000000086e00000, 0x0000000086f00000|  0%| F|  |TAMS 0x0000000086e00000, 0x0000000086e00000| Untracked 
|  75|0x0000000086f00000, 0x0000000086f00000, 0x0000000087000000|  0%| F|  |TAMS 0x0000000086f00000, 0x0000000086f00000| Untracked 
|  76|0x0000000087000000, 0x0000000087000000, 0x0000000087100000|  0%| F|  |TAMS 0x0000000087000000, 0x0000000087000000| Untracked 
|  77|0x0000000087100000, 0x0000000087100000, 0x0000000087200000|  0%| F|  |TAMS 0x0000000087100000, 0x0000000087100000| Untracked 
|  78|0x0000000087200000, 0x0000000087200000, 0x0000000087300000|  0%| F|  |TAMS 0x0000000087200000, 0x0000000087200000| Untracked 
|  79|0x0000000087300000, 0x0000000087300000, 0x0000000087400000|  0%| F|  |TAMS 0x0000000087300000, 0x0000000087300000| Untracked 
|  80|0x0000000087400000, 0x0000000087400000, 0x0000000087500000|  0%| F|  |TAMS 0x0000000087400000, 0x0000000087400000| Untracked 
|  81|0x0000000087500000, 0x0000000087500000, 0x0000000087600000|  0%| F|  |TAMS 0x0000000087500000, 0x0000000087500000| Untracked 
|  82|0x0000000087600000, 0x0000000087600000, 0x0000000087700000|  0%| F|  |TAMS 0x0000000087600000, 0x0000000087600000| Untracked 
|  83|0x0000000087700000, 0x0000000087700000, 0x0000000087800000|  0%| F|  |TAMS 0x0000000087700000, 0x0000000087700000| Untracked 
|  84|0x0000000087800000, 0x0000000087800000, 0x0000000087900000|  0%| F|  |TAMS 0x0000000087800000, 0x0000000087800000| Untracked 
|  85|0x0000000087900000, 0x0000000087900000, 0x0000000087a00000|  0%| F|  |TAMS 0x0000000087900000, 0x0000000087900000| Untracked 
|  86|0x0000000087a00000, 0x0000000087a00000, 0x0000000087b00000|  0%| F|  |TAMS 0x0000000087a00000, 0x0000000087a00000| Untracked 
|  87|0x0000000087b00000, 0x0000000087b00000, 0x0000000087c00000|  0%| F|  |TAMS 0x0000000087b00000, 0x0000000087b00000| Untracked 
|  88|0x0000000087c00000, 0x0000000087c00000, 0x0000000087d00000|  0%| F|  |TAMS 0x0000000087c00000, 0x0000000087c00000| Untracked 
|  89|0x0000000087d00000, 0x0000000087d00000, 0x0000000087e00000|  0%| F|  |TAMS 0x0000000087d00000, 0x0000000087d00000| Untracked 
|  90|0x0000000087e00000, 0x0000000087e00000, 0x0000000087f00000|  0%| F|  |TAMS 0x0000000087e00000, 0x0000000087e00000| Untracked 
|  91|0x0000000087f00000, 0x0000000087f00000, 0x0000000088000000|  0%| F|  |TAMS 0x0000000087f00000, 0x0000000087f00000| Untracked 
|  92|0x0000000088000000, 0x0000000088000000, 0x0000000088100000|  0%| F|  |TAMS 0x0000000088000000, 0x0000000088000000| Untracked 
|  93|0x0000000088100000, 0x0000000088100000, 0x0000000088200000|  0%| F|  |TAMS 0x0000000088100000, 0x0000000088100000| Untracked 
|  94|0x0000000088200000, 0x0000000088200000, 0x0000000088300000|  0%| F|  |TAMS 0x0000000088200000, 0x0000000088200000| Untracked 
|  95|0x0000000088300000, 0x0000000088300000, 0x0000000088400000|  0%| F|  |TAMS 0x0000000088300000, 0x0000000088300000| Untracked 
|  96|0x0000000088400000, 0x0000000088400000, 0x0000000088500000|  0%| F|  |TAMS 0x0000000088400000, 0x0000000088400000| Untracked 
|  97|0x0000000088500000, 0x0000000088500000, 0x0000000088600000|  0%| F|  |TAMS 0x0000000088500000, 0x0000000088500000| Untracked 
|  98|0x0000000088600000, 0x0000000088600000, 0x0000000088700000|  0%| F|  |TAMS 0x0000000088600000, 0x0000000088600000| Untracked 
|  99|0x0000000088700000, 0x0000000088700000, 0x0000000088800000|  0%| F|  |TAMS 0x0000000088700000, 0x0000000088700000| Untracked 
| 100|0x0000000088800000, 0x0000000088800000, 0x0000000088900000|  0%| F|  |TAMS 0x0000000088800000, 0x0000000088800000| Untracked 
| 101|0x0000000088900000, 0x0000000088900000, 0x0000000088a00000|  0%| F|  |TAMS 0x0000000088900000, 0x0000000088900000| Untracked 
| 102|0x0000000088a00000, 0x0000000088a00000, 0x0000000088b00000|  0%| F|  |TAMS 0x0000000088a00000, 0x0000000088a00000| Untracked 
| 103|0x0000000088b00000, 0x0000000088b00000, 0x0000000088c00000|  0%| F|  |TAMS 0x0000000088b00000, 0x0000000088b00000| Untracked 
| 104|0x0000000088c00000, 0x0000000088c00000, 0x0000000088d00000|  0%| F|  |TAMS 0x0000000088c00000, 0x0000000088c00000| Untracked 
| 105|0x0000000088d00000, 0x0000000088d00000, 0x0000000088e00000|  0%| F|  |TAMS 0x0000000088d00000, 0x0000000088d00000| Untracked 
| 106|0x0000000088e00000, 0x0000000088e00000, 0x0000000088f00000|  0%| F|  |TAMS 0x0000000088e00000, 0x0000000088e00000| Untracked 
| 107|0x0000000088f00000, 0x0000000088f00000, 0x0000000089000000|  0%| F|  |TAMS 0x0000000088f00000, 0x0000000088f00000| Untracked 
| 108|0x0000000089000000, 0x0000000089000000, 0x0000000089100000|  0%| F|  |TAMS 0x0000000089000000, 0x0000000089000000| Untracked 
| 109|0x0000000089100000, 0x0000000089100000, 0x0000000089200000|  0%| F|  |TAMS 0x0000000089100000, 0x0000000089100000| Untracked 
| 110|0x0000000089200000, 0x0000000089200000, 0x0000000089300000|  0%| F|  |TAMS 0x0000000089200000, 0x0000000089200000| Untracked 
| 111|0x0000000089300000, 0x0000000089300000, 0x0000000089400000|  0%| F|  |TAMS 0x0000000089300000, 0x0000000089300000| Untracked 
| 112|0x0000000089400000, 0x0000000089400000, 0x0000000089500000|  0%| F|  |TAMS 0x0000000089400000, 0x0000000089400000| Untracked 
| 113|0x0000000089500000, 0x0000000089500000, 0x0000000089600000|  0%| F|  |TAMS 0x0000000089500000, 0x0000000089500000| Untracked 
| 114|0x0000000089600000, 0x00000000896da828, 0x0000000089700000| 85%| E|  |TAMS 0x0000000089600000, 0x0000000089600000| Complete 
| 115|0x0000000089700000, 0x0000000089800000, 0x0000000089800000|100%| E|CS|TAMS 0x0000000089700000, 0x0000000089700000| Complete 
| 116|0x0000000089800000, 0x0000000089900000, 0x0000000089900000|100%| E|CS|TAMS 0x0000000089800000, 0x0000000089800000| Complete 
| 117|0x0000000089900000, 0x0000000089a00000, 0x0000000089a00000|100%| E|CS|TAMS 0x0000000089900000, 0x0000000089900000| Complete 
| 118|0x0000000089a00000, 0x0000000089b00000, 0x0000000089b00000|100%| E|CS|TAMS 0x0000000089a00000, 0x0000000089a00000| Complete 
| 119|0x0000000089b00000, 0x0000000089c00000, 0x0000000089c00000|100%| E|CS|TAMS 0x0000000089b00000, 0x0000000089b00000| Complete 
| 120|0x0000000089c00000, 0x0000000089d00000, 0x0000000089d00000|100%| E|CS|TAMS 0x0000000089c00000, 0x0000000089c00000| Complete 
| 121|0x0000000089d00000, 0x0000000089e00000, 0x0000000089e00000|100%| E|CS|TAMS 0x0000000089d00000, 0x0000000089d00000| Complete 
| 122|0x0000000089e00000, 0x0000000089f00000, 0x0000000089f00000|100%| E|CS|TAMS 0x0000000089e00000, 0x0000000089e00000| Complete 
| 123|0x0000000089f00000, 0x000000008a000000, 0x000000008a000000|100%| E|  |TAMS 0x0000000089f00000, 0x0000000089f00000| Complete 
| 124|0x000000008a000000, 0x000000008a100000, 0x000000008a100000|100%| E|CS|TAMS 0x000000008a000000, 0x000000008a000000| Complete 
| 125|0x000000008a100000, 0x000000008a200000, 0x000000008a200000|100%| E|CS|TAMS 0x000000008a100000, 0x000000008a100000| Complete 

Card table byte_map: [0x0000028d65ab0000,0x0000028d65ea0000] _byte_map_base: 0x0000028d6569e000

Marking Bits (Prev, Next): (CMBitMap*) 0x0000028d4e209f18, (CMBitMap*) 0x0000028d4e209f58
 Prev Bits: [0x0000028d66290000, 0x0000028d68200000)
 Next Bits: [0x0000028d68200000, 0x0000028d6a170000)

Polling page: 0x0000028d4bff0000

Metaspace:

Usage:
  Non-class:      5.27 MB capacity,     2.56 MB ( 48%) used,     2.70 MB ( 51%) free+waste,    16.88 KB ( <1%) overhead. 
      Class:    692.00 KB capacity,   379.14 KB ( 55%) used,   303.67 KB ( 44%) free+waste,     9.19 KB (  1%) overhead. 
       Both:      5.95 MB capacity,     2.93 MB ( 49%) used,     3.00 MB ( 50%) free+waste,    26.06 KB ( <1%) overhead. 

Virtual space:
  Non-class space:        8.00 MB reserved,       5.50 MB ( 69%) committed 
      Class space:        1.00 GB reserved,     768.00 KB ( <1%) committed 
             Both:        1.01 GB reserved,       6.25 MB ( <1%) committed 

Chunk freelists:
   Non-Class:  43.00 KB
       Class:  12.00 KB
        Both:  55.00 KB

MaxMetaspaceSize: 17179869184.00 GB
CompressedClassSpaceSize: 1.00 GB

CodeHeap 'non-profiled nmethods': size=120064Kb used=251Kb max_used=251Kb free=119812Kb
 bounds [0x0000028d5e180000, 0x0000028d5e3f0000, 0x0000028d656c0000]
CodeHeap 'profiled nmethods': size=120000Kb used=1512Kb max_used=1512Kb free=118487Kb
 bounds [0x0000028d56c50000, 0x0000028d56ec0000, 0x0000028d5e180000]
CodeHeap 'non-nmethods': size=5696Kb used=1252Kb max_used=1252Kb free=4443Kb
 bounds [0x0000028d566c0000, 0x0000028d56930000, 0x0000028d56c50000]
 total_blobs=1660 nmethods=797 adapters=336
 compilation: enabled
              stopped_count=0, restarted_count=0
 full_count=0

Compilation events (20 events):
Event: 15.164 Thread 0x0000028d6cfd3800 nmethod 350 0x0000028d56ccf490 code [0x0000028d56ccf660, 0x0000028d56ccf8f0]
Event: 15.164 Thread 0x0000028d6cfd3800  349       3       java.nio.Buffer::position (55 bytes)
Event: 15.165 Thread 0x0000028d6cfd3800 nmethod 349 0x0000028d56ccfa10 code [0x0000028d56ccfbe0, 0x0000028d56ccff10]
Event: 15.165 Thread 0x0000028d6cfd3800  351       3       jdk.internal.misc.Unsafe::getInt (7 bytes)
Event: 15.165 Thread 0x0000028d6cfd3800 nmethod 351 0x0000028d56cd0010 code [0x0000028d56cd01c0, 0x0000028d56cd0358]
Event: 15.165 Thread 0x0000028d6cfd3800  352       3       java.nio.Buffer::limit (74 bytes)
Event: 15.166 Thread 0x0000028d6cfd3800 nmethod 352 0x0000028d56cd0410 code [0x0000028d56cd05e0, 0x0000028d56cd0950]
Event: 15.166 Thread 0x0000028d6cfd3800  353       1       java.nio.DirectByteBuffer::address (5 bytes)
Event: 15.166 Thread 0x0000028d6cfd3800 nmethod 353 0x0000028d5e19a210 code [0x0000028d5e19a3a0, 0x0000028d5e19a4d8]
Event: 15.166 Thread 0x0000028d6cfd3800  355       3       java.nio.ByteBuffer::position (8 bytes)
Event: 15.166 Thread 0x0000028d6cfd3800 nmethod 355 0x0000028d56cd0a10 code [0x0000028d56cd0bc0, 0x0000028d56cd0d90]
Event: 15.166 Thread 0x0000028d6cfd3800  354       1       java.nio.DirectByteBuffer::attachment (5 bytes)
Event: 15.167 Thread 0x0000028d6cfd3800 nmethod 354 0x0000028d5e19a590 code [0x0000028d5e19a720, 0x0000028d5e19a858]
Event: 15.168 Thread 0x0000028d6cfd3800  356   !   3       java.util.jar.JarFile::isMultiRelease (33 bytes)
Event: 15.168 Thread 0x0000028d6cfd3800 nmethod 356 0x0000028d56cd0e10 code [0x0000028d56cd0fc0, 0x0000028d56cd1230]
Event: 15.169 Thread 0x0000028d6cfd3800  358       3       java.util.jar.JarFile::getJarEntry (9 bytes)
Event: 15.169 Thread 0x0000028d6d282000  357 %     4       java.util.zip.ZipFile$Source::hashN @ 2 (26 bytes)
Event: 15.171 Thread 0x0000028d6cfd3800 nmethod 358 0x0000028d56cd1310 code [0x0000028d56cd1520, 0x0000028d56cd1db0]
Event: 15.171 Thread 0x0000028d6cfd3800  359       3       java.util.jar.JarFile::getEntry (22 bytes)
Event: 15.172 Thread 0x0000028d6cfd3800 nmethod 359 0x0000028d56cd2090 code [0x0000028d56cd22a0, 0x0000028d56cd2ab0]

GC Heap History (0 events):
No events

Deoptimization events (8 events):
Event: 8.141 Thread 0x0000028d4e1c4800 Uncommon trap: trap_request=0xffffff45 fr.pc=0x0000028d5e1859f8 relative=0x00000000000001d8
Event: 8.141 Thread 0x0000028d4e1c4800 Uncommon trap: reason=unstable_if action=reinterpret pc=0x0000028d5e1859f8 method=java.lang.String.hashCode()I @ 42 c2
Event: 8.141 Thread 0x0000028d4e1c4800 DEOPT PACKING pc=0x0000028d5e1859f8 sp=0x000000bd234fdde0
Event: 8.141 Thread 0x0000028d4e1c4800 DEOPT UNPACKING pc=0x0000028d5670912f sp=0x000000bd234fdd78 mode 2
Event: 8.162 Thread 0x0000028d4e1c4800 Uncommon trap: trap_request=0xffffff45 fr.pc=0x0000028d5e181508 relative=0x00000000000000e8
Event: 8.163 Thread 0x0000028d4e1c4800 Uncommon trap: reason=unstable_if action=reinterpret pc=0x0000028d5e181508 method=java.lang.String.isLatin1()Z @ 10 c2
Event: 8.163 Thread 0x0000028d4e1c4800 DEOPT PACKING pc=0x0000028d5e181508 sp=0x000000bd234feb10
Event: 8.163 Thread 0x0000028d4e1c4800 DEOPT UNPACKING pc=0x0000028d5670912f sp=0x000000bd234fea60 mode 2

Classes unloaded (0 events):
No events

Classes redefined (0 events):
No events

Internal exceptions (0 events):
No events

Events (20 events):
Event: 10.871 loading class java/lang/Module$ReflectionData
Event: 10.872 loading class java/lang/Module$ReflectionData done
Event: 10.873 loading class java/lang/WeakPairMap
Event: 10.873 loading class java/lang/WeakPairMap done
Event: 10.873 loading class java/lang/WeakPairMap$Pair
Event: 10.873 loading class java/lang/WeakPairMap$Pair done
Event: 10.873 loading class java/lang/WeakPairMap$Pair$Lookup
Event: 10.874 loading class java/lang/WeakPairMap$Pair$Lookup done
Event: 10.883 Loaded shared library C:\Program Files\Java\jdk-13.0.1\bin\jimage.dll
Event: 11.191 Thread 0x0000028d6d270800 Thread added: 0x0000028d6d270800
Event: 11.724 Thread 0x0000028d6d270800 Thread exited: 0x0000028d6d270800
Event: 15.114 loading class sun/util/calendar/ZoneInfoFile$Checksum
Event: 15.114 loading class java/util/zip/CRC32
Event: 15.114 loading class java/util/zip/Checksum
Event: 15.114 loading class java/util/zip/Checksum done
Event: 15.114 loading class java/util/zip/CRC32 done
Event: 15.115 loading class sun/util/calendar/ZoneInfoFile$Checksum done
Event: 15.115 loading class java/util/zip/Checksum$1
Event: 15.116 loading class java/util/zip/Checksum$1 done
Event: 15.169 Thread 0x0000028d6d282000 Thread added: 0x0000028d6d282000


Dynamic libraries:
0x00007ff612d30000 - 0x00007ff612d3f000 	C:\Program Files\Java\jdk-13.0.1\bin\javaw.exe
0x00007fff3da00000 - 0x00007fff3dbf0000 	C:\Windows\SYSTEM32\ntdll.dll
0x00007fff3cfc0000 - 0x00007fff3d072000 	C:\Windows\System32\KERNEL32.DLL
0x00007fff3aed0000 - 0x00007fff3b173000 	C:\Windows\System32\KERNELBASE.dll
0x00007fff3abb0000 - 0x00007fff3acaa000 	C:\Windows\System32\ucrtbase.dll
0x00007fff2ba00000 - 0x00007fff2ba18000 	C:\Program Files\Java\jdk-13.0.1\bin\jli.dll
0x00007fff3c8d0000 - 0x00007fff3c973000 	C:\Windows\System32\ADVAPI32.dll
0x00007fff3c090000 - 0x00007fff3c12e000 	C:\Windows\System32\msvcrt.dll
0x00007fff3bdb0000 - 0x00007fff3be47000 	C:\Windows\System32\sechost.dll
0x00007fff3bf40000 - 0x00007fff3c060000 	C:\Windows\System32\RPCRT4.dll
0x00007fff3d100000 - 0x00007fff3d294000 	C:\Windows\System32\USER32.dll
0x00007fff2b9c0000 - 0x00007fff2b9d5000 	C:\Program Files\Java\jdk-13.0.1\bin\VCRUNTIME140.dll
0x00007fff3ab80000 - 0x00007fff3aba1000 	C:\Windows\System32\win32u.dll
0x00007fff3c060000 - 0x00007fff3c086000 	C:\Windows\System32\GDI32.dll
0x00007fff3acb0000 - 0x00007fff3ae44000 	C:\Windows\System32\gdi32full.dll
0x00007fff3a990000 - 0x00007fff3aa2e000 	C:\Windows\System32\msvcp_win.dll
0x00007fff28730000 - 0x00007fff289b5000 	C:\Windows\WinSxS\amd64_microsoft.windows.common-controls_6595b64144ccf1df_6.0.18362.720_none_e6beb5c51314836b\COMCTL32.dll
0x00007fff3d3e0000 - 0x00007fff3d716000 	C:\Windows\System32\combase.dll
0x00007fff3ae50000 - 0x00007fff3aed0000 	C:\Windows\System32\bcryptPrimitives.dll
0x00007fff2fa20000 - 0x00007fff2fa2a000 	C:\Windows\SYSTEM32\VERSION.dll
0x00007fff3bf00000 - 0x00007fff3bf2e000 	C:\Windows\System32\IMM32.DLL
0x00007fff115e0000 - 0x00007fff1167b000 	C:\Program Files\Java\jdk-13.0.1\bin\msvcp140.dll
0x00007fff03d70000 - 0x00007fff048d6000 	C:\Program Files\Java\jdk-13.0.1\bin\server\jvm.dll
0x00007fff3d870000 - 0x00007fff3d878000 	C:\Windows\System32\PSAPI.DLL
0x00007fff37170000 - 0x00007fff37179000 	C:\Windows\SYSTEM32\WSOCK32.dll
0x00007fff3d800000 - 0x00007fff3d86f000 	C:\Windows\System32\WS2_32.dll
0x00007fff38330000 - 0x00007fff38354000 	C:\Windows\SYSTEM32\WINMM.dll
0x00007fff38300000 - 0x00007fff3832d000 	C:\Windows\SYSTEM32\WINMMBASE.dll
0x00007fff3ba40000 - 0x00007fff3ba8a000 	C:\Windows\System32\cfgmgr32.dll
0x00007fff3a970000 - 0x00007fff3a981000 	C:\Windows\System32\kernel.appcore.dll
0x00007fff36120000 - 0x00007fff36130000 	C:\Program Files\Java\jdk-13.0.1\bin\verify.dll
0x00007fff2c030000 - 0x00007fff2c224000 	C:\Windows\SYSTEM32\DBGHELP.DLL
0x00007fff2c000000 - 0x00007fff2c02a000 	C:\Windows\SYSTEM32\dbgcore.DLL
0x00007fff2fc80000 - 0x00007fff2fca6000 	C:\Program Files\Java\jdk-13.0.1\bin\java.dll
0x00007fff11410000 - 0x00007fff11448000 	C:\Program Files\Java\jdk-13.0.1\bin\jdwp.dll
0x00007fff2bae0000 - 0x00007fff2baf7000 	C:\Program Files\Java\jdk-13.0.1\bin\zip.dll
0x00007fff30f00000 - 0x00007fff30f0a000 	C:\Program Files\Java\jdk-13.0.1\bin\jimage.dll
0x00007fff3c1e0000 - 0x00007fff3c8c5000 	C:\Windows\System32\SHELL32.dll
0x00007fff3c130000 - 0x00007fff3c1d9000 	C:\Windows\System32\shcore.dll
0x00007fff3b1e0000 - 0x00007fff3b960000 	C:\Windows\System32\windows.storage.dll
0x00007fff3a940000 - 0x00007fff3a963000 	C:\Windows\System32\profapi.dll
0x00007fff3a8f0000 - 0x00007fff3a93a000 	C:\Windows\System32\powrprof.dll
0x00007fff3a8c0000 - 0x00007fff3a8d0000 	C:\Windows\System32\UMPDC.dll
0x00007fff3d7a0000 - 0x00007fff3d7f2000 	C:\Windows\System32\shlwapi.dll
0x00007fff3ba90000 - 0x00007fff3baa7000 	C:\Windows\System32\cryptsp.dll
0x00007fff2b9f0000 - 0x00007fff2b9fb000 	C:\Program Files\Java\jdk-13.0.1\bin\dt_socket.dll
0x00007fff3a130000 - 0x00007fff3a197000 	C:\Windows\system32\mswsock.dll
0x00007fff39ee0000 - 0x00007fff39faa000 	C:\Windows\SYSTEM32\DNSAPI.dll
0x00007fff3cf50000 - 0x00007fff3cf58000 	C:\Windows\System32\NSI.dll
0x00007fff39e40000 - 0x00007fff39e7a000 	C:\Windows\SYSTEM32\IPHLPAPI.DLL
0x00007fff30ef0000 - 0x00007fff30efa000 	C:\Windows\System32\rasadhlp.dll
0x00007fff31930000 - 0x00007fff319a7000 	C:\Windows\System32\fwpuclnt.dll
0x00007fff3b960000 - 0x00007fff3b986000 	C:\Windows\System32\bcrypt.dll
0x00007fff2ba90000 - 0x00007fff2baa9000 	C:\Program Files\Java\jdk-13.0.1\bin\net.dll
0x00007fff31220000 - 0x00007fff31311000 	C:\Windows\SYSTEM32\WINHTTP.dll
0x00007fff29c90000 - 0x00007fff29ca3000 	C:\Program Files\Java\jdk-13.0.1\bin\nio.dll

dbghelp: loaded successfully - version: 4.0.5 - missing functions: none
symbol engine: initialized successfully - sym options: 0x614 - pdb path: .;C:\Program Files\Java\jdk-13.0.1\bin;C:\Windows\SYSTEM32;C:\Windows\WinSxS\amd64_microsoft.windows.common-controls_6595b64144ccf1df_6.0.18362.720_none_e6beb5c51314836b;C:\Program Files\Java\jdk-13.0.1\bin\server

VM Arguments:
jvm_args: -agentlib:jdwp=transport=dt_socket,suspend=y,address=localhost:63658 -Dfile.encoding=Cp1252 
java_command: cucumber.api.cli.Main C:/Users/manua/eclipse-workspace/AutomationProject/src/test/resources/featureFiles/dailyExecutions/dailyCasesInCountries.feature --glue classpath: --plugin pretty --monochrome
java_class_path (initial): C:\Users\manua\eclipse-workspace\AutomationProject\target\classes;C:\Users\manua\eclipse-workspace\AutomationProject\target\test-classes;C:\Users\manua\.m2\repository\org\json\json\20190722\json-20190722.jar;C:\Users\manua\.m2\repository\com\jayway\restassured\rest-assured\2.9.0\rest-assured-2.9.0.jar;C:\Users\manua\.m2\repository\org\codehaus\groovy\groovy\2.4.4\groovy-2.4.4.jar;C:\Users\manua\.m2\repository\org\codehaus\groovy\groovy-xml\2.4.4\groovy-xml-2.4.4.jar;C:\Users\manua\.m2\repository\org\apache\httpcomponents\httpclient\4.5.1\httpclient-4.5.1.jar;C:\Users\manua\.m2\repository\org\apache\httpcomponents\httpmime\4.5.1\httpmime-4.5.1.jar;C:\Users\manua\.m2\repository\org\hamcrest\hamcrest-core\1.3\hamcrest-core-1.3.jar;C:\Users\manua\.m2\repository\org\hamcrest\hamcrest-library\1.3\hamcrest-library-1.3.jar;C:\Users\manua\.m2\repository\org\ccil\cowan\tagsoup\tagsoup\1.2.1\tagsoup-1.2.1.jar;C:\Users\manua\.m2\repository\com\jayway\restassured\json-path\2.9.0\json-path-2.9.0.jar;C:\Users\manua\.m2\repository\org\codehaus\groovy\groovy-json\2.4.4\groovy-json-2.4.4.jar;C:\Users\manua\.m2\repository\com\jayway\restassured\rest-assured-common\2.9.0\rest-assured-common-2.9.0.jar;C:\Users\manua\.m2\repository\com\jayway\restassured\xml-path\2.9.0\xml-path-2.9.0.jar;C:\Users\manua\.m2\repository\org\apache\commons\commons-lang3\3.3.2\commons-lang3-3.3.2.jar;C:\Users\manua\.m2\repository\javax\xml\bind\jaxb-api\2.3.1\jaxb-api-2.3.1.jar;C:\Users\manua\.m2\repository\javax\activation\javax.activation-api\1.2.0\javax.activation-api-1.2.0.jar;C:\Users\manua\.m2\repository\io\cucumber\cucumber-junit\5.6.0\cucumber-junit-5.6.0.jar;C:\Users\manua\.m2\repository\org\apiguardian\apiguardian-api\1.1.0\apiguardian-api-1.1.0.jar;C:\Users\manua\.m2\repository\io\cucumber\cucumber-core\5.6.0\cucumber-core-5.6.0.jar;C:\Users\manua\.m2\repository\io\cucumber\cucumber-gherkin\5.6.0\cucumber-gherkin-5.6.0.jar;C:\Users\manua\.m2\repository\io\cucumber\cucum
Launcher Type: SUN_STANDARD

[Global flags]
     intx CICompilerCount                          = 3                                         {product} {ergonomic}
     uint ConcGCThreads                            = 1                                         {product} {ergonomic}
     uint G1ConcRefinementThreads                  = 4                                         {product} {ergonomic}
   size_t G1HeapRegionSize                         = 1048576                                   {product} {ergonomic}
    uintx GCDrainStackTargetSize                   = 64                                        {product} {ergonomic}
   size_t InitialHeapSize                          = 132120576                                 {product} {ergonomic}
   size_t MarkStackSize                            = 4194304                                   {product} {ergonomic}
   size_t MaxHeapSize                              = 2109734912                                {product} {ergonomic}
   size_t MaxNewSize                               = 1265631232                                {product} {ergonomic}
   size_t MinHeapDeltaBytes                        = 1048576                                   {product} {ergonomic}
   size_t MinHeapSize                              = 8388608                                   {product} {ergonomic}
    uintx NonNMethodCodeHeapSize                   = 5830732                                {pd product} {ergonomic}
    uintx NonProfiledCodeHeapSize                  = 122913754                              {pd product} {ergonomic}
    uintx ProfiledCodeHeapSize                     = 122913754                              {pd product} {ergonomic}
    uintx ReservedCodeCacheSize                    = 251658240                              {pd product} {ergonomic}
     bool SegmentedCodeCache                       = true                                      {product} {ergonomic}
   size_t SoftMaxHeapSize                          = 2109734912                             {manageable} {ergonomic}
     bool UseCompressedClassPointers               = true                                 {lp64_product} {ergonomic}
     bool UseCompressedOops                        = true                                 {lp64_product} {ergonomic}
     bool UseG1GC                                  = true                                      {product} {ergonomic}
     bool UseLargePagesIndividualAllocation        = false                                  {pd product} {ergonomic}

Logging:
Log output configuration:
 #0: stdout all=warning uptime,level,tags
 #1: stderr all=off uptime,level,tags

Environment Variables:
JAVA_HOME=C:\Program Files\Java\jdk-13.0.1
PATH=C:/Program Files/Java/jdk-13.0.1/bin/server;C:/Program Files/Java/jdk-13.0.1/bin;C:\Python27\;C:\Python27\Scripts;C:\Windows\system32;C:\Windows;C:\Windows\System32\Wbem;C:\Windows\System32\WindowsPowerShell\v1.0\;C:\Windows\System32\OpenSSH\;C:\Program Files\nodejs\;C:\ProgramData\chocolatey\bin;C:\Users\manua\Desktop\apache-maven-3.6.3-bin\apache-maven-3.6.3\bin;C:\Program Files\Java\jdk-13.0.1\bin;C:\Users\manua\AppData\Local\Programs\Python\Python38-32\Scripts\;C:\Users\manua\AppData\Local\Programs\Python\Python38-32\;C:\Users\manua\AppData\Local\Microsoft\WindowsApps;C:\Users\manua\AppData\Roaming\npm;C:\Program Files\JetBrains\PyCharm Community Edition 2019.3.1\bin;;C:\Users\manua\Desktop;
USERNAME=manua
OS=Windows_NT
PROCESSOR_IDENTIFIER=Intel64 Family 6 Model 42 Stepping 7, GenuineIntel



---------------  S Y S T E M  ---------------

OS: Windows 10 , 64 bit Build 18362 (10.0.18362.329)

CPU:total 4 (initial active 4) (2 cores per cpu, 2 threads per core) family 6 model 42 stepping 7, cmov, cx8, fxsr, mmx, sse, sse2, sse3, ssse3, sse4.1, sse4.2, popcnt, avx, clmul, ht, tsc, tscinvbit

Memory: 4k page, system-wide physical 8043M (795M free)
TotalPageFile size 32619M (AvailPageFile size 183M)
current process WorkingSet (physical memory assigned to process): 59M, peak: 59M
current process commit charge ("private bytes"): 215M, peak: 215M

vm_info: Java HotSpot(TM) 64-Bit Server VM (13.0.1+9) for windows-amd64 JRE (13.0.1+9), built on Oct  6 2019 12:37:49 by "mach5one" with unknown MS VC++:1916

END.
