#
# There is insufficient memory for the Java Runtime Environment to continue.
# Native memory allocation (malloc) failed to allocate 32744 bytes for ChunkPool::allocate
# Possible reasons:
#   The system is out of physical RAM or swap space
#   The process is running with CompressedOops enabled, and the Java Heap may be blocking the growth of the native heap
# Possible solutions:
#   Reduce memory load on the system
#   Increase physical memory or swap space
#   Check if swap backing store is full
#   Decrease Java heap size (-Xmx/-Xms)
#   Decrease number of Java threads
#   Decrease Java thread stack sizes (-Xss)
#   Set larger code cache with -XX:ReservedCodeCacheSize=
#   JVM is running with Unscaled Compressed Oops mode in which the Java heap is
#     placed in the first 4GB address space. The Java Heap base address is the
#     maximum limit for the native heap growth. Please use -XX:HeapBaseMinAddress
#     to set the Java Heap base and to place the Java Heap above 4GB virtual address.
# This output file may be truncated or incomplete.
#
#  Out of Memory Error (t:/workspace/open/src/hotspot/share/memory/arena.cpp:80), pid=24276, tid=2492
#
# JRE version: Java(TM) SE Runtime Environment (13.0.1+9) (build 13.0.1+9)
# Java VM: Java HotSpot(TM) 64-Bit Server VM (13.0.1+9, mixed mode, sharing, tiered, compressed oops, g1 gc, windows-amd64)
# No core dump will be written. Minidumps are not enabled by default on client versions of Windows
#

---------------  S U M M A R Y ------------

Command Line: -agentlib:jdwp=transport=dt_socket,suspend=y,address=localhost:63660 -Dfile.encoding=Cp1252 cucumber.api.cli.Main C:/Users/manua/eclipse-workspace/AutomationProject/src/test/resources/featureFiles/dailyExecutions/dailyCasesInCountries.feature --glue classpath: --plugin pretty --monochrome

Host: Intel(R) Core(TM) i3-2310M CPU @ 2.10GHz, 4 cores, 7G,  Windows 10 , 64 bit Build 18362 (10.0.18362.329)
Time: Sat Apr 11 15:22:36 2020 India Standard Time elapsed time: 41 seconds (0d 0h 0m 41s)

---------------  T H R E A D  ---------------

Current thread (0x0000017f5959e000):  JavaThread "C1 CompilerThread0" daemon [_thread_in_native, id=2492, stack(0x0000007a0b400000,0x0000007a0b500000)]


Current CompileTask:
C1:  41897  404       3       jdk.internal.org.objectweb.asm.Frame::execute (2305 bytes)

Stack: [0x0000007a0b400000,0x0000007a0b500000]
Native frames: (J=compiled Java code, j=interpreted, Vv=VM code, C=native code)
V  [jvm.dll+0x626eca]
V  [jvm.dll+0x772c6a]
V  [jvm.dll+0x77441f]
V  [jvm.dll+0x774a23]
V  [jvm.dll+0x24da58]
V  [jvm.dll+0xc3d16]
V  [jvm.dll+0xc406c]
V  [jvm.dll+0xd20ca]
V  [jvm.dll+0x16e145]
V  [jvm.dll+0x16de07]
V  [jvm.dll+0x1706f9]
V  [jvm.dll+0x172141]
V  [jvm.dll+0x12be85]
V  [jvm.dll+0x12b6ff]
V  [jvm.dll+0x12b92f]
V  [jvm.dll+0x12abc7]
V  [jvm.dll+0x12cae7]
V  [jvm.dll+0x2159bd]
V  [jvm.dll+0x213e6b]
V  [jvm.dll+0x738b16]
V  [jvm.dll+0x731c0a]
V  [jvm.dll+0x6260c6]
C  [ucrtbase.dll+0x20e72]
C  [KERNEL32.DLL+0x17bd4]
C  [ntdll.dll+0x6ced1]


---------------  P R O C E S S  ---------------

Threads class SMR info:
_java_thread_list=0x0000017f59fd60e0, length=13, elements={
0x0000017f3b0c5800, 0x0000017f59544000, 0x0000017f59548000, 0x0000017f59563000,
0x0000017f59565000, 0x0000017f59566000, 0x0000017f5959e000, 0x0000017f59ee1800,
0x0000017f59fc2800, 0x0000017f59fc5000, 0x0000017f59fc6000, 0x0000017f59fd1800,
0x0000017f59fd6800
}

Java Threads: ( => current thread )
  0x0000017f3b0c5800 JavaThread "main" [_thread_in_Java, id=24380, stack(0x0000007a0a800000,0x0000007a0a900000)]
  0x0000017f59544000 JavaThread "Reference Handler" daemon [_thread_blocked, id=22460, stack(0x0000007a0af00000,0x0000007a0b000000)]
  0x0000017f59548000 JavaThread "Finalizer" daemon [_thread_blocked, id=11520, stack(0x0000007a0b000000,0x0000007a0b100000)]
  0x0000017f59563000 JavaThread "Signal Dispatcher" daemon [_thread_blocked, id=6580, stack(0x0000007a0b100000,0x0000007a0b200000)]
  0x0000017f59565000 JavaThread "Attach Listener" daemon [_thread_blocked, id=6228, stack(0x0000007a0b200000,0x0000007a0b300000)]
  0x0000017f59566000 JavaThread "C2 CompilerThread0" daemon [_thread_blocked, id=17024, stack(0x0000007a0b300000,0x0000007a0b400000)]
=>0x0000017f5959e000 JavaThread "C1 CompilerThread0" daemon [_thread_in_native, id=2492, stack(0x0000007a0b400000,0x0000007a0b500000)]
  0x0000017f59ee1800 JavaThread "Sweeper thread" daemon [_thread_blocked, id=8760, stack(0x0000007a0b500000,0x0000007a0b600000)]
  0x0000017f59fc2800 JavaThread "JDWP Transport Listener: dt_socket" daemon [_thread_blocked, id=5056, stack(0x0000007a0b600000,0x0000007a0b700000)]
  0x0000017f59fc5000 JavaThread "JDWP Event Helper Thread" daemon [_thread_blocked, id=8884, stack(0x0000007a0b700000,0x0000007a0b800000)]
  0x0000017f59fc6000 JavaThread "JDWP Command Reader" daemon [_thread_in_native, id=22168, stack(0x0000007a0b800000,0x0000007a0b900000)]
  0x0000017f59fd1800 JavaThread "Service Thread" daemon [_thread_blocked, id=9096, stack(0x0000007a0b900000,0x0000007a0ba00000)]
  0x0000017f59fd6800 JavaThread "Common-Cleaner" daemon [_thread_blocked, id=24468, stack(0x0000007a0bb00000,0x0000007a0bc00000)]

Other Threads:
  0x0000017f59541000 VMThread "VM Thread" [stack: 0x0000007a0ae00000,0x0000007a0af00000] [id=22356]
  0x0000017f59fdb800 WatcherThread [stack: 0x0000007a0ba00000,0x0000007a0bb00000] [id=24216]
  0x0000017f3b109000 GCTaskThread "GC Thread#0" [stack: 0x0000007a0a900000,0x0000007a0aa00000] [id=14596]
  0x0000017f3b11a800 ConcurrentGCThread "G1 Main Marker" [stack: 0x0000007a0aa00000,0x0000007a0ab00000] [id=20628]
  0x0000017f3b11c000 ConcurrentGCThread "G1 Conc#0" [stack: 0x0000007a0ab00000,0x0000007a0ac00000] [id=22368]
  0x0000017f3b187000 ConcurrentGCThread "G1 Refine#0" [stack: 0x0000007a0ac00000,0x0000007a0ad00000] [id=15004]
  0x0000017f593c1800 ConcurrentGCThread "G1 Young RemSet Sampling" [stack: 0x0000007a0ad00000,0x0000007a0ae00000] [id=21956]

Threads with active compile tasks:
C1 CompilerThread0    41973  404       3       jdk.internal.org.objectweb.asm.Frame::execute (2305 bytes)

VM state:not at safepoint (normal execution)

VM Mutex/Monitor currently owned by a thread: None

Heap address: 0x0000000082400000, size: 2012 MB, Compressed Oops mode: 32-bit
Narrow klass base: 0x0000000800000000, Narrow klass shift: 3
Compressed class space size: 1073741824 Address: 0x0000000800b40000

Heap:
 garbage-first heap   total 129024K, used 3072K [0x0000000082400000, 0x0000000100000000)
  region size 1024K, 5 young (5120K), 0 survivors (0K)
 Metaspace       used 747K, capacity 4558K, committed 4864K, reserved 1056768K
  class space    used 66K, capacity 410K, committed 512K, reserved 1048576K
Heap Regions: E=young(eden), S=young(survivor), O=old, HS=humongous(starts), HC=humongous(continues), CS=collection set, F=free, A=archive, TAMS=top-at-mark-start (previous, next)
|   0|0x0000000082400000, 0x0000000082400000, 0x0000000082500000|  0%| F|  |TAMS 0x0000000082400000, 0x0000000082400000| Untracked 
|   1|0x0000000082500000, 0x0000000082500000, 0x0000000082600000|  0%| F|  |TAMS 0x0000000082500000, 0x0000000082500000| Untracked 
|   2|0x0000000082600000, 0x0000000082600000, 0x0000000082700000|  0%| F|  |TAMS 0x0000000082600000, 0x0000000082600000| Untracked 
|   3|0x0000000082700000, 0x0000000082700000, 0x0000000082800000|  0%| F|  |TAMS 0x0000000082700000, 0x0000000082700000| Untracked 
|   4|0x0000000082800000, 0x0000000082800000, 0x0000000082900000|  0%| F|  |TAMS 0x0000000082800000, 0x0000000082800000| Untracked 
|   5|0x0000000082900000, 0x0000000082900000, 0x0000000082a00000|  0%| F|  |TAMS 0x0000000082900000, 0x0000000082900000| Untracked 
|   6|0x0000000082a00000, 0x0000000082a00000, 0x0000000082b00000|  0%| F|  |TAMS 0x0000000082a00000, 0x0000000082a00000| Untracked 
|   7|0x0000000082b00000, 0x0000000082b00000, 0x0000000082c00000|  0%| F|  |TAMS 0x0000000082b00000, 0x0000000082b00000| Untracked 
|   8|0x0000000082c00000, 0x0000000082c00000, 0x0000000082d00000|  0%| F|  |TAMS 0x0000000082c00000, 0x0000000082c00000| Untracked 
|   9|0x0000000082d00000, 0x0000000082d00000, 0x0000000082e00000|  0%| F|  |TAMS 0x0000000082d00000, 0x0000000082d00000| Untracked 
|  10|0x0000000082e00000, 0x0000000082e00000, 0x0000000082f00000|  0%| F|  |TAMS 0x0000000082e00000, 0x0000000082e00000| Untracked 
|  11|0x0000000082f00000, 0x0000000082f00000, 0x0000000083000000|  0%| F|  |TAMS 0x0000000082f00000, 0x0000000082f00000| Untracked 
|  12|0x0000000083000000, 0x0000000083000000, 0x0000000083100000|  0%| F|  |TAMS 0x0000000083000000, 0x0000000083000000| Untracked 
|  13|0x0000000083100000, 0x0000000083100000, 0x0000000083200000|  0%| F|  |TAMS 0x0000000083100000, 0x0000000083100000| Untracked 
|  14|0x0000000083200000, 0x0000000083200000, 0x0000000083300000|  0%| F|  |TAMS 0x0000000083200000, 0x0000000083200000| Untracked 
|  15|0x0000000083300000, 0x0000000083300000, 0x0000000083400000|  0%| F|  |TAMS 0x0000000083300000, 0x0000000083300000| Untracked 
|  16|0x0000000083400000, 0x0000000083400000, 0x0000000083500000|  0%| F|  |TAMS 0x0000000083400000, 0x0000000083400000| Untracked 
|  17|0x0000000083500000, 0x0000000083500000, 0x0000000083600000|  0%| F|  |TAMS 0x0000000083500000, 0x0000000083500000| Untracked 
|  18|0x0000000083600000, 0x0000000083600000, 0x0000000083700000|  0%| F|  |TAMS 0x0000000083600000, 0x0000000083600000| Untracked 
|  19|0x0000000083700000, 0x0000000083700000, 0x0000000083800000|  0%| F|  |TAMS 0x0000000083700000, 0x0000000083700000| Untracked 
|  20|0x0000000083800000, 0x0000000083800000, 0x0000000083900000|  0%| F|  |TAMS 0x0000000083800000, 0x0000000083800000| Untracked 
|  21|0x0000000083900000, 0x0000000083900000, 0x0000000083a00000|  0%| F|  |TAMS 0x0000000083900000, 0x0000000083900000| Untracked 
|  22|0x0000000083a00000, 0x0000000083a00000, 0x0000000083b00000|  0%| F|  |TAMS 0x0000000083a00000, 0x0000000083a00000| Untracked 
|  23|0x0000000083b00000, 0x0000000083b00000, 0x0000000083c00000|  0%| F|  |TAMS 0x0000000083b00000, 0x0000000083b00000| Untracked 
|  24|0x0000000083c00000, 0x0000000083c00000, 0x0000000083d00000|  0%| F|  |TAMS 0x0000000083c00000, 0x0000000083c00000| Untracked 
|  25|0x0000000083d00000, 0x0000000083d00000, 0x0000000083e00000|  0%| F|  |TAMS 0x0000000083d00000, 0x0000000083d00000| Untracked 
|  26|0x0000000083e00000, 0x0000000083e00000, 0x0000000083f00000|  0%| F|  |TAMS 0x0000000083e00000, 0x0000000083e00000| Untracked 
|  27|0x0000000083f00000, 0x0000000083f00000, 0x0000000084000000|  0%| F|  |TAMS 0x0000000083f00000, 0x0000000083f00000| Untracked 
|  28|0x0000000084000000, 0x0000000084000000, 0x0000000084100000|  0%| F|  |TAMS 0x0000000084000000, 0x0000000084000000| Untracked 
|  29|0x0000000084100000, 0x0000000084100000, 0x0000000084200000|  0%| F|  |TAMS 0x0000000084100000, 0x0000000084100000| Untracked 
|  30|0x0000000084200000, 0x0000000084200000, 0x0000000084300000|  0%| F|  |TAMS 0x0000000084200000, 0x0000000084200000| Untracked 
|  31|0x0000000084300000, 0x0000000084300000, 0x0000000084400000|  0%| F|  |TAMS 0x0000000084300000, 0x0000000084300000| Untracked 
|  32|0x0000000084400000, 0x0000000084400000, 0x0000000084500000|  0%| F|  |TAMS 0x0000000084400000, 0x0000000084400000| Untracked 
|  33|0x0000000084500000, 0x0000000084500000, 0x0000000084600000|  0%| F|  |TAMS 0x0000000084500000, 0x0000000084500000| Untracked 
|  34|0x0000000084600000, 0x0000000084600000, 0x0000000084700000|  0%| F|  |TAMS 0x0000000084600000, 0x0000000084600000| Untracked 
|  35|0x0000000084700000, 0x0000000084700000, 0x0000000084800000|  0%| F|  |TAMS 0x0000000084700000, 0x0000000084700000| Untracked 
|  36|0x0000000084800000, 0x0000000084800000, 0x0000000084900000|  0%| F|  |TAMS 0x0000000084800000, 0x0000000084800000| Untracked 
|  37|0x0000000084900000, 0x0000000084900000, 0x0000000084a00000|  0%| F|  |TAMS 0x0000000084900000, 0x0000000084900000| Untracked 
|  38|0x0000000084a00000, 0x0000000084a00000, 0x0000000084b00000|  0%| F|  |TAMS 0x0000000084a00000, 0x0000000084a00000| Untracked 
|  39|0x0000000084b00000, 0x0000000084b00000, 0x0000000084c00000|  0%| F|  |TAMS 0x0000000084b00000, 0x0000000084b00000| Untracked 
|  40|0x0000000084c00000, 0x0000000084c00000, 0x0000000084d00000|  0%| F|  |TAMS 0x0000000084c00000, 0x0000000084c00000| Untracked 
|  41|0x0000000084d00000, 0x0000000084d00000, 0x0000000084e00000|  0%| F|  |TAMS 0x0000000084d00000, 0x0000000084d00000| Untracked 
|  42|0x0000000084e00000, 0x0000000084e00000, 0x0000000084f00000|  0%| F|  |TAMS 0x0000000084e00000, 0x0000000084e00000| Untracked 
|  43|0x0000000084f00000, 0x0000000084f00000, 0x0000000085000000|  0%| F|  |TAMS 0x0000000084f00000, 0x0000000084f00000| Untracked 
|  44|0x0000000085000000, 0x0000000085000000, 0x0000000085100000|  0%| F|  |TAMS 0x0000000085000000, 0x0000000085000000| Untracked 
|  45|0x0000000085100000, 0x0000000085100000, 0x0000000085200000|  0%| F|  |TAMS 0x0000000085100000, 0x0000000085100000| Untracked 
|  46|0x0000000085200000, 0x0000000085200000, 0x0000000085300000|  0%| F|  |TAMS 0x0000000085200000, 0x0000000085200000| Untracked 
|  47|0x0000000085300000, 0x0000000085300000, 0x0000000085400000|  0%| F|  |TAMS 0x0000000085300000, 0x0000000085300000| Untracked 
|  48|0x0000000085400000, 0x0000000085400000, 0x0000000085500000|  0%| F|  |TAMS 0x0000000085400000, 0x0000000085400000| Untracked 
|  49|0x0000000085500000, 0x0000000085500000, 0x0000000085600000|  0%| F|  |TAMS 0x0000000085500000, 0x0000000085500000| Untracked 
|  50|0x0000000085600000, 0x0000000085600000, 0x0000000085700000|  0%| F|  |TAMS 0x0000000085600000, 0x0000000085600000| Untracked 
|  51|0x0000000085700000, 0x0000000085700000, 0x0000000085800000|  0%| F|  |TAMS 0x0000000085700000, 0x0000000085700000| Untracked 
|  52|0x0000000085800000, 0x0000000085800000, 0x0000000085900000|  0%| F|  |TAMS 0x0000000085800000, 0x0000000085800000| Untracked 
|  53|0x0000000085900000, 0x0000000085900000, 0x0000000085a00000|  0%| F|  |TAMS 0x0000000085900000, 0x0000000085900000| Untracked 
|  54|0x0000000085a00000, 0x0000000085a00000, 0x0000000085b00000|  0%| F|  |TAMS 0x0000000085a00000, 0x0000000085a00000| Untracked 
|  55|0x0000000085b00000, 0x0000000085b00000, 0x0000000085c00000|  0%| F|  |TAMS 0x0000000085b00000, 0x0000000085b00000| Untracked 
|  56|0x0000000085c00000, 0x0000000085c00000, 0x0000000085d00000|  0%| F|  |TAMS 0x0000000085c00000, 0x0000000085c00000| Untracked 
|  57|0x0000000085d00000, 0x0000000085d00000, 0x0000000085e00000|  0%| F|  |TAMS 0x0000000085d00000, 0x0000000085d00000| Untracked 
|  58|0x0000000085e00000, 0x0000000085e00000, 0x0000000085f00000|  0%| F|  |TAMS 0x0000000085e00000, 0x0000000085e00000| Untracked 
|  59|0x0000000085f00000, 0x0000000085f00000, 0x0000000086000000|  0%| F|  |TAMS 0x0000000085f00000, 0x0000000085f00000| Untracked 
|  60|0x0000000086000000, 0x0000000086000000, 0x0000000086100000|  0%| F|  |TAMS 0x0000000086000000, 0x0000000086000000| Untracked 
|  61|0x0000000086100000, 0x0000000086100000, 0x0000000086200000|  0%| F|  |TAMS 0x0000000086100000, 0x0000000086100000| Untracked 
|  62|0x0000000086200000, 0x0000000086200000, 0x0000000086300000|  0%| F|  |TAMS 0x0000000086200000, 0x0000000086200000| Untracked 
|  63|0x0000000086300000, 0x0000000086300000, 0x0000000086400000|  0%| F|  |TAMS 0x0000000086300000, 0x0000000086300000| Untracked 
|  64|0x0000000086400000, 0x0000000086400000, 0x0000000086500000|  0%| F|  |TAMS 0x0000000086400000, 0x0000000086400000| Untracked 
|  65|0x0000000086500000, 0x0000000086500000, 0x0000000086600000|  0%| F|  |TAMS 0x0000000086500000, 0x0000000086500000| Untracked 
|  66|0x0000000086600000, 0x0000000086600000, 0x0000000086700000|  0%| F|  |TAMS 0x0000000086600000, 0x0000000086600000| Untracked 
|  67|0x0000000086700000, 0x0000000086700000, 0x0000000086800000|  0%| F|  |TAMS 0x0000000086700000, 0x0000000086700000| Untracked 
|  68|0x0000000086800000, 0x0000000086800000, 0x0000000086900000|  0%| F|  |TAMS 0x0000000086800000, 0x0000000086800000| Untracked 
|  69|0x0000000086900000, 0x0000000086900000, 0x0000000086a00000|  0%| F|  |TAMS 0x0000000086900000, 0x0000000086900000| Untracked 
|  70|0x0000000086a00000, 0x0000000086a00000, 0x0000000086b00000|  0%| F|  |TAMS 0x0000000086a00000, 0x0000000086a00000| Untracked 
|  71|0x0000000086b00000, 0x0000000086b00000, 0x0000000086c00000|  0%| F|  |TAMS 0x0000000086b00000, 0x0000000086b00000| Untracked 
|  72|0x0000000086c00000, 0x0000000086c00000, 0x0000000086d00000|  0%| F|  |TAMS 0x0000000086c00000, 0x0000000086c00000| Untracked 
|  73|0x0000000086d00000, 0x0000000086d00000, 0x0000000086e00000|  0%| F|  |TAMS 0x0000000086d00000, 0x0000000086d00000| Untracked 
|  74|0x0000000086e00000, 0x0000000086e00000, 0x0000000086f00000|  0%| F|  |TAMS 0x0000000086e00000, 0x0000000086e00000| Untracked 
|  75|0x0000000086f00000, 0x0000000086f00000, 0x0000000087000000|  0%| F|  |TAMS 0x0000000086f00000, 0x0000000086f00000| Untracked 
|  76|0x0000000087000000, 0x0000000087000000, 0x0000000087100000|  0%| F|  |TAMS 0x0000000087000000, 0x0000000087000000| Untracked 
|  77|0x0000000087100000, 0x0000000087100000, 0x0000000087200000|  0%| F|  |TAMS 0x0000000087100000, 0x0000000087100000| Untracked 
|  78|0x0000000087200000, 0x0000000087200000, 0x0000000087300000|  0%| F|  |TAMS 0x0000000087200000, 0x0000000087200000| Untracked 
|  79|0x0000000087300000, 0x0000000087300000, 0x0000000087400000|  0%| F|  |TAMS 0x0000000087300000, 0x0000000087300000| Untracked 
|  80|0x0000000087400000, 0x0000000087400000, 0x0000000087500000|  0%| F|  |TAMS 0x0000000087400000, 0x0000000087400000| Untracked 
|  81|0x0000000087500000, 0x0000000087500000, 0x0000000087600000|  0%| F|  |TAMS 0x0000000087500000, 0x0000000087500000| Untracked 
|  82|0x0000000087600000, 0x0000000087600000, 0x0000000087700000|  0%| F|  |TAMS 0x0000000087600000, 0x0000000087600000| Untracked 
|  83|0x0000000087700000, 0x0000000087700000, 0x0000000087800000|  0%| F|  |TAMS 0x0000000087700000, 0x0000000087700000| Untracked 
|  84|0x0000000087800000, 0x0000000087800000, 0x0000000087900000|  0%| F|  |TAMS 0x0000000087800000, 0x0000000087800000| Untracked 
|  85|0x0000000087900000, 0x0000000087900000, 0x0000000087a00000|  0%| F|  |TAMS 0x0000000087900000, 0x0000000087900000| Untracked 
|  86|0x0000000087a00000, 0x0000000087a00000, 0x0000000087b00000|  0%| F|  |TAMS 0x0000000087a00000, 0x0000000087a00000| Untracked 
|  87|0x0000000087b00000, 0x0000000087b00000, 0x0000000087c00000|  0%| F|  |TAMS 0x0000000087b00000, 0x0000000087b00000| Untracked 
|  88|0x0000000087c00000, 0x0000000087c00000, 0x0000000087d00000|  0%| F|  |TAMS 0x0000000087c00000, 0x0000000087c00000| Untracked 
|  89|0x0000000087d00000, 0x0000000087d00000, 0x0000000087e00000|  0%| F|  |TAMS 0x0000000087d00000, 0x0000000087d00000| Untracked 
|  90|0x0000000087e00000, 0x0000000087e00000, 0x0000000087f00000|  0%| F|  |TAMS 0x0000000087e00000, 0x0000000087e00000| Untracked 
|  91|0x0000000087f00000, 0x0000000087f00000, 0x0000000088000000|  0%| F|  |TAMS 0x0000000087f00000, 0x0000000087f00000| Untracked 
|  92|0x0000000088000000, 0x0000000088000000, 0x0000000088100000|  0%| F|  |TAMS 0x0000000088000000, 0x0000000088000000| Untracked 
|  93|0x0000000088100000, 0x0000000088100000, 0x0000000088200000|  0%| F|  |TAMS 0x0000000088100000, 0x0000000088100000| Untracked 
|  94|0x0000000088200000, 0x0000000088200000, 0x0000000088300000|  0%| F|  |TAMS 0x0000000088200000, 0x0000000088200000| Untracked 
|  95|0x0000000088300000, 0x0000000088300000, 0x0000000088400000|  0%| F|  |TAMS 0x0000000088300000, 0x0000000088300000| Untracked 
|  96|0x0000000088400000, 0x0000000088400000, 0x0000000088500000|  0%| F|  |TAMS 0x0000000088400000, 0x0000000088400000| Untracked 
|  97|0x0000000088500000, 0x0000000088500000, 0x0000000088600000|  0%| F|  |TAMS 0x0000000088500000, 0x0000000088500000| Untracked 
|  98|0x0000000088600000, 0x0000000088600000, 0x0000000088700000|  0%| F|  |TAMS 0x0000000088600000, 0x0000000088600000| Untracked 
|  99|0x0000000088700000, 0x0000000088700000, 0x0000000088800000|  0%| F|  |TAMS 0x0000000088700000, 0x0000000088700000| Untracked 
| 100|0x0000000088800000, 0x0000000088800000, 0x0000000088900000|  0%| F|  |TAMS 0x0000000088800000, 0x0000000088800000| Untracked 
| 101|0x0000000088900000, 0x0000000088900000, 0x0000000088a00000|  0%| F|  |TAMS 0x0000000088900000, 0x0000000088900000| Untracked 
| 102|0x0000000088a00000, 0x0000000088a00000, 0x0000000088b00000|  0%| F|  |TAMS 0x0000000088a00000, 0x0000000088a00000| Untracked 
| 103|0x0000000088b00000, 0x0000000088b00000, 0x0000000088c00000|  0%| F|  |TAMS 0x0000000088b00000, 0x0000000088b00000| Untracked 
| 104|0x0000000088c00000, 0x0000000088c00000, 0x0000000088d00000|  0%| F|  |TAMS 0x0000000088c00000, 0x0000000088c00000| Untracked 
| 105|0x0000000088d00000, 0x0000000088d00000, 0x0000000088e00000|  0%| F|  |TAMS 0x0000000088d00000, 0x0000000088d00000| Untracked 
| 106|0x0000000088e00000, 0x0000000088e00000, 0x0000000088f00000|  0%| F|  |TAMS 0x0000000088e00000, 0x0000000088e00000| Untracked 
| 107|0x0000000088f00000, 0x0000000088f00000, 0x0000000089000000|  0%| F|  |TAMS 0x0000000088f00000, 0x0000000088f00000| Untracked 
| 108|0x0000000089000000, 0x0000000089000000, 0x0000000089100000|  0%| F|  |TAMS 0x0000000089000000, 0x0000000089000000| Untracked 
| 109|0x0000000089100000, 0x0000000089100000, 0x0000000089200000|  0%| F|  |TAMS 0x0000000089100000, 0x0000000089100000| Untracked 
| 110|0x0000000089200000, 0x0000000089200000, 0x0000000089300000|  0%| F|  |TAMS 0x0000000089200000, 0x0000000089200000| Untracked 
| 111|0x0000000089300000, 0x0000000089300000, 0x0000000089400000|  0%| F|  |TAMS 0x0000000089300000, 0x0000000089300000| Untracked 
| 112|0x0000000089400000, 0x0000000089400000, 0x0000000089500000|  0%| F|  |TAMS 0x0000000089400000, 0x0000000089400000| Untracked 
| 113|0x0000000089500000, 0x0000000089500000, 0x0000000089600000|  0%| F|  |TAMS 0x0000000089500000, 0x0000000089500000| Untracked 
| 114|0x0000000089600000, 0x0000000089600000, 0x0000000089700000|  0%| F|  |TAMS 0x0000000089600000, 0x0000000089600000| Untracked 
| 115|0x0000000089700000, 0x0000000089700000, 0x0000000089800000|  0%| F|  |TAMS 0x0000000089700000, 0x0000000089700000| Untracked 
| 116|0x0000000089800000, 0x0000000089800000, 0x0000000089900000|  0%| F|  |TAMS 0x0000000089800000, 0x0000000089800000| Untracked 
| 117|0x0000000089900000, 0x0000000089900000, 0x0000000089a00000|  0%| F|  |TAMS 0x0000000089900000, 0x0000000089900000| Untracked 
| 118|0x0000000089a00000, 0x0000000089a00000, 0x0000000089b00000|  0%| F|  |TAMS 0x0000000089a00000, 0x0000000089a00000| Untracked 
| 119|0x0000000089b00000, 0x0000000089b00000, 0x0000000089c00000|  0%| F|  |TAMS 0x0000000089b00000, 0x0000000089b00000| Untracked 
| 120|0x0000000089c00000, 0x0000000089c00000, 0x0000000089d00000|  0%| F|  |TAMS 0x0000000089c00000, 0x0000000089c00000| Untracked 
| 121|0x0000000089d00000, 0x0000000089d901e8, 0x0000000089e00000| 56%| E|  |TAMS 0x0000000089d00000, 0x0000000089d00000| Complete 
| 122|0x0000000089e00000, 0x0000000089f00000, 0x0000000089f00000|100%| E|CS|TAMS 0x0000000089e00000, 0x0000000089e00000| Complete 
| 123|0x0000000089f00000, 0x000000008a000000, 0x000000008a000000|100%| E|  |TAMS 0x0000000089f00000, 0x0000000089f00000| Complete 
| 124|0x000000008a000000, 0x000000008a100000, 0x000000008a100000|100%| E|CS|TAMS 0x000000008a000000, 0x000000008a000000| Complete 
| 125|0x000000008a100000, 0x000000008a200000, 0x000000008a200000|100%| E|CS|TAMS 0x000000008a100000, 0x000000008a100000| Complete 

Card table byte_map: [0x0000017f529b0000,0x0000017f52da0000] _byte_map_base: 0x0000017f5259e000

Marking Bits (Prev, Next): (CMBitMap*) 0x0000017f3b109ec8, (CMBitMap*) 0x0000017f3b109f08
 Prev Bits: [0x0000017f53190000, 0x0000017f55100000)
 Next Bits: [0x0000017f55100000, 0x0000017f57070000)

Polling page: 0x0000017f39240000

Metaspace:

Usage:
  Non-class:      4.05 MB capacity,   680.33 KB ( 16%) used,     3.38 MB ( 84%) free+waste,     2.56 KB ( <1%) overhead. 
      Class:    410.00 KB capacity,    66.88 KB ( 16%) used,   341.55 KB ( 83%) free+waste,     1.56 KB ( <1%) overhead. 
       Both:      4.45 MB capacity,   747.21 KB ( 16%) used,     3.72 MB ( 84%) free+waste,     4.13 KB ( <1%) overhead. 

Virtual space:
  Non-class space:        8.00 MB reserved,       4.25 MB ( 53%) committed 
      Class space:        1.00 GB reserved,     512.00 KB ( <1%) committed 
             Both:        1.01 GB reserved,       4.75 MB ( <1%) committed 

Chunk freelists:
   Non-Class:  0 bytes
       Class:  0 bytes
        Both:  0 bytes

MaxMetaspaceSize: 17179869184.00 GB
CompressedClassSpaceSize: 1.00 GB

CodeHeap 'non-profiled nmethods': size=120064Kb used=133Kb max_used=133Kb free=119930Kb
 bounds [0x0000017f4b080000, 0x0000017f4b2f0000, 0x0000017f525c0000]
CodeHeap 'profiled nmethods': size=120000Kb used=560Kb max_used=560Kb free=119439Kb
 bounds [0x0000017f43b50000, 0x0000017f43dc0000, 0x0000017f4b080000]
CodeHeap 'non-nmethods': size=5696Kb used=1219Kb max_used=1230Kb free=4476Kb
 bounds [0x0000017f435c0000, 0x0000017f43830000, 0x0000017f43b50000]
 total_blobs=1149 nmethods=402 adapters=292
 compilation: enabled
              stopped_count=0, restarted_count=0
 full_count=0

Compilation events (20 events):
Event: 41.732 Thread 0x0000017f5959e000 nmethod 386 0x0000017f43bd9090 code [0x0000017f43bd9220, 0x0000017f43bd93b8]
Event: 41.875 Thread 0x0000017f5959e000  387       3       java.lang.Long::<init> (10 bytes)
Event: 41.875 Thread 0x0000017f5959e000 nmethod 387 0x0000017f43bd9490 code [0x0000017f43bd9640, 0x0000017f43bd9878]
Event: 41.875 Thread 0x0000017f5959e000  388       3       java.util.Arrays::equals (57 bytes)
Event: 41.876 Thread 0x0000017f5959e000 nmethod 388 0x0000017f43bd9990 code [0x0000017f43bd9b80, 0x0000017f43bda150]
Event: 41.878 Thread 0x0000017f5959e000  390       3       java.lang.invoke.MemberName::isConstructor (8 bytes)
Event: 41.878 Thread 0x0000017f5959e000 nmethod 390 0x0000017f43bda310 code [0x0000017f43bda4c0, 0x0000017f43bda778]
Event: 41.879 Thread 0x0000017f59566000  392       4       java.util.Objects::requireNonNull (14 bytes)
Event: 41.880 Thread 0x0000017f5959e000  394       3       java.lang.invoke.LambdaForm::argument (27 bytes)
Event: 41.880 Thread 0x0000017f59566000 nmethod 392 0x0000017f4b09fa10 code [0x0000017f4b09fba0, 0x0000017f4b09fbf8]
Event: 41.881 Thread 0x0000017f5959e000 nmethod 394 0x0000017f43bda890 code [0x0000017f43bdaa60, 0x0000017f43bdadb0]
Event: 41.881 Thread 0x0000017f5959e000  395       3       java.lang.invoke.LambdaForm::internArgument (85 bytes)
Event: 41.881 Thread 0x0000017f5959e000 nmethod 395 0x0000017f43bdaf90 code [0x0000017f43bdb180, 0x0000017f43bdb5b0]
Event: 41.882 Thread 0x0000017f5959e000  398       3       java.util.Arrays::copyOf (10 bytes)
Event: 41.882 Thread 0x0000017f5959e000 nmethod 398 0x0000017f43bdb810 code [0x0000017f43bdb9c0, 0x0000017f43bdbb90]
Event: 41.882 Thread 0x0000017f5959e000  399       3       java.util.ImmutableCollections$ListN::get (7 bytes)
Event: 41.882 Thread 0x0000017f5959e000 nmethod 399 0x0000017f43bdbc90 code [0x0000017f43bdbe40, 0x0000017f43bdbff8]
Event: 41.883 Thread 0x0000017f5959e000  402       1       java.lang.invoke.LambdaForm$BasicType::basicTypeClass (5 bytes)
Event: 41.883 Thread 0x0000017f5959e000 nmethod 402 0x0000017f4b0a0a90 code [0x0000017f4b0a0c20, 0x0000017f4b0a0d58]
Event: 41.885 Thread 0x0000017f5959e000  404       3       jdk.internal.org.objectweb.asm.Frame::execute (2305 bytes)

GC Heap History (0 events):
No events

Deoptimization events (8 events):
Event: 30.451 Thread 0x0000017f3b0c5800 Uncommon trap: trap_request=0xffffff45 fr.pc=0x0000017f4b085ee8 relative=0x00000000000001c8
Event: 30.451 Thread 0x0000017f3b0c5800 Uncommon trap: reason=unstable_if action=reinterpret pc=0x0000017f4b085ee8 method=java.lang.String.hashCode()I @ 42 c2
Event: 30.451 Thread 0x0000017f3b0c5800 DEOPT PACKING pc=0x0000017f4b085ee8 sp=0x0000007a0a8fdd60
Event: 30.451 Thread 0x0000017f3b0c5800 DEOPT UNPACKING pc=0x0000017f4360912f sp=0x0000007a0a8fdcf8 mode 2
Event: 30.455 Thread 0x0000017f3b0c5800 Uncommon trap: trap_request=0xffffff45 fr.pc=0x0000017f4b081508 relative=0x00000000000000e8
Event: 30.455 Thread 0x0000017f3b0c5800 Uncommon trap: reason=unstable_if action=reinterpret pc=0x0000017f4b081508 method=java.lang.String.isLatin1()Z @ 10 c2
Event: 30.455 Thread 0x0000017f3b0c5800 DEOPT PACKING pc=0x0000017f4b081508 sp=0x0000007a0a8fea90
Event: 30.455 Thread 0x0000017f3b0c5800 DEOPT UNPACKING pc=0x0000017f4360912f sp=0x0000007a0a8fe9e0 mode 2

Classes unloaded (0 events):
No events

Classes redefined (0 events):
No events

Internal exceptions (0 events):
No events

Events (20 events):
Event: 41.194 loading class java/util/zip/Checksum
Event: 41.194 loading class java/util/zip/Checksum done
Event: 41.194 loading class java/util/zip/CRC32 done
Event: 41.194 loading class sun/util/calendar/ZoneInfoFile$Checksum done
Event: 41.203 loading class java/util/zip/Checksum$1
Event: 41.203 loading class java/util/zip/Checksum$1 done
Event: 41.692 loading class java/time/zone/ZoneOffsetTransition
Event: 41.693 loading class java/time/zone/ZoneOffsetTransition done
Event: 41.710 loading class java/lang/invoke/BoundMethodHandle$Species_LLL
Event: 41.710 loading class java/lang/invoke/BoundMethodHandle$Species_LLL done
Event: 41.725 loading class java/lang/invoke/BoundMethodHandle$Species_LLLL
Event: 41.725 loading class java/lang/invoke/BoundMethodHandle$Species_LLLL done
Event: 41.728 loading class java/lang/invoke/BoundMethodHandle$Species_LLLLL
Event: 41.728 loading class java/lang/invoke/BoundMethodHandle$Species_LLLLL done
Event: 41.876 loading class java/lang/invoke/BoundMethodHandle$Species_LJ
Event: 41.877 loading class java/lang/invoke/BoundMethodHandle$Species_LJ done
Event: 41.880 loading class java/lang/invoke/BoundMethodHandle$Species_LLLLLL
Event: 41.880 loading class java/lang/invoke/BoundMethodHandle$Species_LLLLLL done
Event: 41.888 loading class java/lang/invoke/BoundMethodHandle$Species_LLLLLLL
Event: 41.889 loading class java/lang/invoke/BoundMethodHandle$Species_LLLLLLL done


Dynamic libraries:
0x00007ff612d30000 - 0x00007ff612d3f000 	C:\Program Files\Java\jdk-13.0.1\bin\javaw.exe
0x00007fff3da00000 - 0x00007fff3dbf0000 	C:\Windows\SYSTEM32\ntdll.dll
0x00007fff3cfc0000 - 0x00007fff3d072000 	C:\Windows\System32\KERNEL32.DLL
0x00007fff3aed0000 - 0x00007fff3b173000 	C:\Windows\System32\KERNELBASE.dll
0x00007fff3abb0000 - 0x00007fff3acaa000 	C:\Windows\System32\ucrtbase.dll
0x00007fff2ba00000 - 0x00007fff2ba18000 	C:\Program Files\Java\jdk-13.0.1\bin\jli.dll
0x00007fff3c8d0000 - 0x00007fff3c973000 	C:\Windows\System32\ADVAPI32.dll
0x00007fff3c090000 - 0x00007fff3c12e000 	C:\Windows\System32\msvcrt.dll
0x00007fff3bdb0000 - 0x00007fff3be47000 	C:\Windows\System32\sechost.dll
0x00007fff3bf40000 - 0x00007fff3c060000 	C:\Windows\System32\RPCRT4.dll
0x00007fff3d100000 - 0x00007fff3d294000 	C:\Windows\System32\USER32.dll
0x00007fff3ab80000 - 0x00007fff3aba1000 	C:\Windows\System32\win32u.dll
0x00007fff3c060000 - 0x00007fff3c086000 	C:\Windows\System32\GDI32.dll
0x00007fff3acb0000 - 0x00007fff3ae44000 	C:\Windows\System32\gdi32full.dll
0x00007fff3a990000 - 0x00007fff3aa2e000 	C:\Windows\System32\msvcp_win.dll
0x00007fff2b9c0000 - 0x00007fff2b9d5000 	C:\Program Files\Java\jdk-13.0.1\bin\VCRUNTIME140.dll
0x00007fff28730000 - 0x00007fff289b5000 	C:\Windows\WinSxS\amd64_microsoft.windows.common-controls_6595b64144ccf1df_6.0.18362.720_none_e6beb5c51314836b\COMCTL32.dll
0x00007fff3d3e0000 - 0x00007fff3d716000 	C:\Windows\System32\combase.dll
0x00007fff3ae50000 - 0x00007fff3aed0000 	C:\Windows\System32\bcryptPrimitives.dll
0x00007fff2fa20000 - 0x00007fff2fa2a000 	C:\Windows\SYSTEM32\VERSION.dll
0x00007fff3bf00000 - 0x00007fff3bf2e000 	C:\Windows\System32\IMM32.DLL
0x00007fff115e0000 - 0x00007fff1167b000 	C:\Program Files\Java\jdk-13.0.1\bin\msvcp140.dll
0x00007fff03d70000 - 0x00007fff048d6000 	C:\Program Files\Java\jdk-13.0.1\bin\server\jvm.dll
0x00007fff3d870000 - 0x00007fff3d878000 	C:\Windows\System32\PSAPI.DLL
0x00007fff37170000 - 0x00007fff37179000 	C:\Windows\SYSTEM32\WSOCK32.dll
0x00007fff3d800000 - 0x00007fff3d86f000 	C:\Windows\System32\WS2_32.dll
0x00007fff38330000 - 0x00007fff38354000 	C:\Windows\SYSTEM32\WINMM.dll
0x00007fff38300000 - 0x00007fff3832d000 	C:\Windows\SYSTEM32\WINMMBASE.dll
0x00007fff3ba40000 - 0x00007fff3ba8a000 	C:\Windows\System32\cfgmgr32.dll
0x00007fff3a970000 - 0x00007fff3a981000 	C:\Windows\System32\kernel.appcore.dll
0x00007fff36120000 - 0x00007fff36130000 	C:\Program Files\Java\jdk-13.0.1\bin\verify.dll
0x00007fff2c030000 - 0x00007fff2c224000 	C:\Windows\SYSTEM32\DBGHELP.DLL
0x00007fff2c000000 - 0x00007fff2c02a000 	C:\Windows\SYSTEM32\dbgcore.DLL
0x00007fff2fc80000 - 0x00007fff2fca6000 	C:\Program Files\Java\jdk-13.0.1\bin\java.dll
0x00007fff11410000 - 0x00007fff11448000 	C:\Program Files\Java\jdk-13.0.1\bin\jdwp.dll
0x00007fff2bae0000 - 0x00007fff2baf7000 	C:\Program Files\Java\jdk-13.0.1\bin\zip.dll
0x00007fff30f00000 - 0x00007fff30f0a000 	C:\Program Files\Java\jdk-13.0.1\bin\jimage.dll
0x00007fff3c1e0000 - 0x00007fff3c8c5000 	C:\Windows\System32\SHELL32.dll
0x00007fff3c130000 - 0x00007fff3c1d9000 	C:\Windows\System32\shcore.dll
0x00007fff3b1e0000 - 0x00007fff3b960000 	C:\Windows\System32\windows.storage.dll
0x00007fff3a940000 - 0x00007fff3a963000 	C:\Windows\System32\profapi.dll
0x00007fff3a8f0000 - 0x00007fff3a93a000 	C:\Windows\System32\powrprof.dll
0x00007fff3a8c0000 - 0x00007fff3a8d0000 	C:\Windows\System32\UMPDC.dll
0x00007fff3d7a0000 - 0x00007fff3d7f2000 	C:\Windows\System32\shlwapi.dll
0x00007fff3ba90000 - 0x00007fff3baa7000 	C:\Windows\System32\cryptsp.dll
0x00007fff2b9f0000 - 0x00007fff2b9fb000 	C:\Program Files\Java\jdk-13.0.1\bin\dt_socket.dll
0x00007fff3a130000 - 0x00007fff3a197000 	C:\Windows\system32\mswsock.dll
0x00007fff39ee0000 - 0x00007fff39faa000 	C:\Windows\SYSTEM32\DNSAPI.dll
0x00007fff3cf50000 - 0x00007fff3cf58000 	C:\Windows\System32\NSI.dll
0x00007fff39e40000 - 0x00007fff39e7a000 	C:\Windows\SYSTEM32\IPHLPAPI.DLL
0x00007fff30ef0000 - 0x00007fff30efa000 	C:\Windows\System32\rasadhlp.dll
0x00007fff31930000 - 0x00007fff319a7000 	C:\Windows\System32\fwpuclnt.dll
0x00007fff3b960000 - 0x00007fff3b986000 	C:\Windows\System32\bcrypt.dll
0x00007fff2ba90000 - 0x00007fff2baa9000 	C:\Program Files\Java\jdk-13.0.1\bin\net.dll
0x00007fff31220000 - 0x00007fff31311000 	C:\Windows\SYSTEM32\WINHTTP.dll
0x00007fff29c90000 - 0x00007fff29ca3000 	C:\Program Files\Java\jdk-13.0.1\bin\nio.dll

dbghelp: loaded successfully - version: 4.0.5 - missing functions: none
symbol engine: initialized successfully - sym options: 0x614 - pdb path: .;C:\Program Files\Java\jdk-13.0.1\bin;C:\Windows\SYSTEM32;C:\Windows\WinSxS\amd64_microsoft.windows.common-controls_6595b64144ccf1df_6.0.18362.720_none_e6beb5c51314836b;C:\Program Files\Java\jdk-13.0.1\bin\server

VM Arguments:
jvm_args: -agentlib:jdwp=transport=dt_socket,suspend=y,address=localhost:63660 -Dfile.encoding=Cp1252 
java_command: cucumber.api.cli.Main C:/Users/manua/eclipse-workspace/AutomationProject/src/test/resources/featureFiles/dailyExecutions/dailyCasesInCountries.feature --glue classpath: --plugin pretty --monochrome
java_class_path (initial): C:\Users\manua\eclipse-workspace\AutomationProject\target\classes;C:\Users\manua\eclipse-workspace\AutomationProject\target\test-classes;C:\Users\manua\.m2\repository\org\json\json\20190722\json-20190722.jar;C:\Users\manua\.m2\repository\com\jayway\restassured\rest-assured\2.9.0\rest-assured-2.9.0.jar;C:\Users\manua\.m2\repository\org\codehaus\groovy\groovy\2.4.4\groovy-2.4.4.jar;C:\Users\manua\.m2\repository\org\codehaus\groovy\groovy-xml\2.4.4\groovy-xml-2.4.4.jar;C:\Users\manua\.m2\repository\org\apache\httpcomponents\httpclient\4.5.1\httpclient-4.5.1.jar;C:\Users\manua\.m2\repository\org\apache\httpcomponents\httpmime\4.5.1\httpmime-4.5.1.jar;C:\Users\manua\.m2\repository\org\hamcrest\hamcrest-core\1.3\hamcrest-core-1.3.jar;C:\Users\manua\.m2\repository\org\hamcrest\hamcrest-library\1.3\hamcrest-library-1.3.jar;C:\Users\manua\.m2\repository\org\ccil\cowan\tagsoup\tagsoup\1.2.1\tagsoup-1.2.1.jar;C:\Users\manua\.m2\repository\com\jayway\restassured\json-path\2.9.0\json-path-2.9.0.jar;C:\Users\manua\.m2\repository\org\codehaus\groovy\groovy-json\2.4.4\groovy-json-2.4.4.jar;C:\Users\manua\.m2\repository\com\jayway\restassured\rest-assured-common\2.9.0\rest-assured-common-2.9.0.jar;C:\Users\manua\.m2\repository\com\jayway\restassured\xml-path\2.9.0\xml-path-2.9.0.jar;C:\Users\manua\.m2\repository\org\apache\commons\commons-lang3\3.3.2\commons-lang3-3.3.2.jar;C:\Users\manua\.m2\repository\javax\xml\bind\jaxb-api\2.3.1\jaxb-api-2.3.1.jar;C:\Users\manua\.m2\repository\javax\activation\javax.activation-api\1.2.0\javax.activation-api-1.2.0.jar;C:\Users\manua\.m2\repository\io\cucumber\cucumber-junit\5.6.0\cucumber-junit-5.6.0.jar;C:\Users\manua\.m2\repository\org\apiguardian\apiguardian-api\1.1.0\apiguardian-api-1.1.0.jar;C:\Users\manua\.m2\repository\io\cucumber\cucumber-core\5.6.0\cucumber-core-5.6.0.jar;C:\Users\manua\.m2\repository\io\cucumber\cucumber-gherkin\5.6.0\cucumber-gherkin-5.6.0.jar;C:\Users\manua\.m2\repository\io\cucumber\cucum
Launcher Type: SUN_STANDARD

[Global flags]
     intx CICompilerCount                          = 3                                         {product} {ergonomic}
     uint ConcGCThreads                            = 1                                         {product} {ergonomic}
     uint G1ConcRefinementThreads                  = 4                                         {product} {ergonomic}
   size_t G1HeapRegionSize                         = 1048576                                   {product} {ergonomic}
    uintx GCDrainStackTargetSize                   = 64                                        {product} {ergonomic}
   size_t InitialHeapSize                          = 132120576                                 {product} {ergonomic}
   size_t MarkStackSize                            = 4194304                                   {product} {ergonomic}
   size_t MaxHeapSize                              = 2109734912                                {product} {ergonomic}
   size_t MaxNewSize                               = 1265631232                                {product} {ergonomic}
   size_t MinHeapDeltaBytes                        = 1048576                                   {product} {ergonomic}
   size_t MinHeapSize                              = 8388608                                   {product} {ergonomic}
    uintx NonNMethodCodeHeapSize                   = 5830732                                {pd product} {ergonomic}
    uintx NonProfiledCodeHeapSize                  = 122913754                              {pd product} {ergonomic}
    uintx ProfiledCodeHeapSize                     = 122913754                              {pd product} {ergonomic}
    uintx ReservedCodeCacheSize                    = 251658240                              {pd product} {ergonomic}
     bool SegmentedCodeCache                       = true                                      {product} {ergonomic}
   size_t SoftMaxHeapSize                          = 2109734912                             {manageable} {ergonomic}
     bool UseCompressedClassPointers               = true                                 {lp64_product} {ergonomic}
     bool UseCompressedOops                        = true                                 {lp64_product} {ergonomic}
     bool UseG1GC                                  = true                                      {product} {ergonomic}
     bool UseLargePagesIndividualAllocation        = false                                  {pd product} {ergonomic}

Logging:
Log output configuration:
 #0: stdout all=warning uptime,level,tags
 #1: stderr all=off uptime,level,tags

Environment Variables:
JAVA_HOME=C:\Program Files\Java\jdk-13.0.1
PATH=C:/Program Files/Java/jdk-13.0.1/bin/server;C:/Program Files/Java/jdk-13.0.1/bin;C:\Python27\;C:\Python27\Scripts;C:\Windows\system32;C:\Windows;C:\Windows\System32\Wbem;C:\Windows\System32\WindowsPowerShell\v1.0\;C:\Windows\System32\OpenSSH\;C:\Program Files\nodejs\;C:\ProgramData\chocolatey\bin;C:\Users\manua\Desktop\apache-maven-3.6.3-bin\apache-maven-3.6.3\bin;C:\Program Files\Java\jdk-13.0.1\bin;C:\Users\manua\AppData\Local\Programs\Python\Python38-32\Scripts\;C:\Users\manua\AppData\Local\Programs\Python\Python38-32\;C:\Users\manua\AppData\Local\Microsoft\WindowsApps;C:\Users\manua\AppData\Roaming\npm;C:\Program Files\JetBrains\PyCharm Community Edition 2019.3.1\bin;;C:\Users\manua\Desktop;
USERNAME=manua
OS=Windows_NT
PROCESSOR_IDENTIFIER=Intel64 Family 6 Model 42 Stepping 7, GenuineIntel



---------------  S Y S T E M  ---------------

OS: Windows 10 , 64 bit Build 18362 (10.0.18362.329)

CPU:total 4 (initial active 4) (2 cores per cpu, 2 threads per core) family 6 model 42 stepping 7, cmov, cx8, fxsr, mmx, sse, sse2, sse3, ssse3, sse4.1, sse4.2, popcnt, avx, clmul, ht, tsc, tscinvbit

Memory: 4k page, system-wide physical 8043M (599M free)
TotalPageFile size 32619M (AvailPageFile size 3M)
current process WorkingSet (physical memory assigned to process): 39M, peak: 39M
current process commit charge ("private bytes"): 207M, peak: 207M

vm_info: Java HotSpot(TM) 64-Bit Server VM (13.0.1+9) for windows-amd64 JRE (13.0.1+9), built on Oct  6 2019 12:37:49 by "mach5one" with unknown MS VC++:1916

END.
