#
# There is insufficient memory for the Java Runtime Environment to continue.
# Native memory allocation (mmap) failed to map 132120576 bytes for Failed to commit area from 0x0000000082400000 to 0x000000008a200000 of length 132120576.
# Possible reasons:
#   The system is out of physical RAM or swap space
#   The process is running with CompressedOops enabled, and the Java Heap may be blocking the growth of the native heap
# Possible solutions:
#   Reduce memory load on the system
#   Increase physical memory or swap space
#   Check if swap backing store is full
#   Decrease Java heap size (-Xmx/-Xms)
#   Decrease number of Java threads
#   Decrease Java thread stack sizes (-Xss)
#   Set larger code cache with -XX:ReservedCodeCacheSize=
# This output file may be truncated or incomplete.
#
#  Out of Memory Error (t:/workspace/open/src/hotspot/os/windows/os_windows.cpp:3301), pid=12388, tid=21464
#
# JRE version:  (13.0.1+9) (build )
# Java VM: Java HotSpot(TM) 64-Bit Server VM (13.0.1+9, mixed mode, sharing, tiered, compressed oops, g1 gc, windows-amd64)
# No core dump will be written. Minidumps are not enabled by default on client versions of Windows
#

---------------  S U M M A R Y ------------

Command Line: -agentlib:jdwp=transport=dt_socket,suspend=y,address=localhost:63677 -Dfile.encoding=Cp1252 cucumber.api.cli.Main C:/Users/manua/eclipse-workspace/AutomationProject/src/test/resources/featureFiles/dailyExecutions/dailyCasesInCountries.feature --glue classpath: --plugin pretty --monochrome

Host: Intel(R) Core(TM) i3-2310M CPU @ 2.10GHz, 4 cores, 7G,  Windows 10 , 64 bit Build 18362 (10.0.18362.329)
Time: Sat Apr 11 15:22:57 2020 India Standard Time elapsed time: 4 seconds (0d 0h 0m 4s)

---------------  T H R E A D  ---------------

Current thread (0x000002d0df104000):  JavaThread "Unknown thread" [_thread_in_vm, id=21464, stack(0x000000ea53b00000,0x000000ea53c00000)]

Stack: [0x000000ea53b00000,0x000000ea53c00000]
Native frames: (J=compiled Java code, j=interpreted, Vv=VM code, C=native code)
V  [jvm.dll+0x626eca]
V  [jvm.dll+0x772c6a]
V  [jvm.dll+0x77441f]
V  [jvm.dll+0x774a23]
V  [jvm.dll+0x24da58]
V  [jvm.dll+0x62438a]
V  [jvm.dll+0x618f75]
V  [jvm.dll+0x30c61c]
V  [jvm.dll+0x30c452]
V  [jvm.dll+0x311bc6]
V  [jvm.dll+0x355ce6]
V  [jvm.dll+0x3554c0]
V  [jvm.dll+0x2e729a]
V  [jvm.dll+0x2e8532]
V  [jvm.dll+0x74fcd8]
V  [jvm.dll+0x363739]
V  [jvm.dll+0x732dc5]
V  [jvm.dll+0x3ce2ef]
V  [jvm.dll+0x3d0611]
C  [jli.dll+0x51ff]
C  [ucrtbase.dll+0x20e72]
C  [KERNEL32.DLL+0x17bd4]
C  [ntdll.dll+0x6ced1]


---------------  P R O C E S S  ---------------

Threads class SMR info:
_java_thread_list=0x00007fff048346b8, length=0, elements={
}

Java Threads: ( => current thread )

Other Threads:
  0x000002d0df145800 GCTaskThread "GC Thread#0" [stack: 0x000000ea53c00000,0x000000ea53d00000] [id=12724]
  0x000002d0df156800 ConcurrentGCThread "G1 Main Marker" [stack: 0x000000ea53d00000,0x000000ea53e00000] [id=12784]
  0x000002d0df158800 ConcurrentGCThread "G1 Conc#0" [stack: 0x000000ea53e00000,0x000000ea53f00000] [id=4484]

[error occurred during error reporting (printing all threads), id 0xc0000005, EXCEPTION_ACCESS_VIOLATION (0xc0000005) at pc=0x00007fff04066f67]

VM state:not at safepoint (not fully initialized)

VM Mutex/Monitor currently owned by a thread:  ([mutex/lock_event])
[0x000002d0df100960] Heap_lock - owner thread: 0x000002d0df104000

Heap address: 0x0000000082400000, size: 2012 MB, Compressed Oops mode: Non-zero based: 0x0000000082400000
Narrow klass base: 0x0000000000000000, Narrow klass shift: 0

GC Heap History (0 events):
No events

Deoptimization events (0 events):
No events

Classes unloaded (0 events):
No events

Classes redefined (0 events):
No events

Internal exceptions (0 events):
No events

Events (2 events):
Event: 0.036 Loaded shared library C:\Program Files\Java\jdk-13.0.1\bin\zip.dll
Event: 0.037 Loaded shared library C:\Program Files\Java\jdk-13.0.1\bin\jimage.dll


Dynamic libraries:
0x00007ff612d30000 - 0x00007ff612d3f000 	C:\Program Files\Java\jdk-13.0.1\bin\javaw.exe
0x00007fff3da00000 - 0x00007fff3dbf0000 	C:\Windows\SYSTEM32\ntdll.dll
0x00007fff3cfc0000 - 0x00007fff3d072000 	C:\Windows\System32\KERNEL32.DLL
0x00007fff3aed0000 - 0x00007fff3b173000 	C:\Windows\System32\KERNELBASE.dll
0x00007fff3abb0000 - 0x00007fff3acaa000 	C:\Windows\System32\ucrtbase.dll
0x00007fff2ba00000 - 0x00007fff2ba18000 	C:\Program Files\Java\jdk-13.0.1\bin\jli.dll
0x00007fff3c8d0000 - 0x00007fff3c973000 	C:\Windows\System32\ADVAPI32.dll
0x00007fff3c090000 - 0x00007fff3c12e000 	C:\Windows\System32\msvcrt.dll
0x00007fff3bdb0000 - 0x00007fff3be47000 	C:\Windows\System32\sechost.dll
0x00007fff3bf40000 - 0x00007fff3c060000 	C:\Windows\System32\RPCRT4.dll
0x00007fff3d100000 - 0x00007fff3d294000 	C:\Windows\System32\USER32.dll
0x00007fff3ab80000 - 0x00007fff3aba1000 	C:\Windows\System32\win32u.dll
0x00007fff3c060000 - 0x00007fff3c086000 	C:\Windows\System32\GDI32.dll
0x00007fff3acb0000 - 0x00007fff3ae44000 	C:\Windows\System32\gdi32full.dll
0x00007fff3a990000 - 0x00007fff3aa2e000 	C:\Windows\System32\msvcp_win.dll
0x00007fff2b9c0000 - 0x00007fff2b9d5000 	C:\Program Files\Java\jdk-13.0.1\bin\VCRUNTIME140.dll
0x00007fff28730000 - 0x00007fff289b5000 	C:\Windows\WinSxS\amd64_microsoft.windows.common-controls_6595b64144ccf1df_6.0.18362.720_none_e6beb5c51314836b\COMCTL32.dll
0x00007fff3d3e0000 - 0x00007fff3d716000 	C:\Windows\System32\combase.dll
0x00007fff3ae50000 - 0x00007fff3aed0000 	C:\Windows\System32\bcryptPrimitives.dll
0x00007fff2fa20000 - 0x00007fff2fa2a000 	C:\Windows\SYSTEM32\VERSION.dll
0x00007fff3bf00000 - 0x00007fff3bf2e000 	C:\Windows\System32\IMM32.DLL
0x00007fff390a0000 - 0x00007fff39139000 	C:\Windows\system32\uxtheme.dll
0x00007fff3d2a0000 - 0x00007fff3d3d6000 	C:\Windows\System32\MSCTF.dll
0x00007fff3bb10000 - 0x00007fff3bbd4000 	C:\Windows\System32\OLEAUT32.dll
0x00007fff3a970000 - 0x00007fff3a981000 	C:\Windows\System32\kernel.appcore.dll
0x00007fff2f820000 - 0x00007fff2f8be000 	C:\Windows\System32\TextInputFramework.dll
0x00007fff38980000 - 0x00007fff38a54000 	C:\Windows\System32\CoreMessaging.dll
0x00007fff35600000 - 0x00007fff3592a000 	C:\Windows\System32\CoreUIComponents.dll
0x00007fff3c130000 - 0x00007fff3c1d9000 	C:\Windows\System32\SHCORE.dll
0x00007fff39920000 - 0x00007fff39951000 	C:\Windows\SYSTEM32\ntmarta.dll
0x00007fff36920000 - 0x00007fff36a73000 	C:\Windows\SYSTEM32\wintypes.dll
0x00007fff2e350000 - 0x00007fff2e5f6000 	C:\Windows\System32\iertutil.dll
0x00007fff3c980000 - 0x00007fff3cad7000 	C:\Windows\System32\ole32.dll
0x00007fff03d70000 - 0x00007fff048d6000 	C:\Program Files\Java\jdk-13.0.1\bin\server\jvm.dll
0x00007fff3d870000 - 0x00007fff3d878000 	C:\Windows\System32\PSAPI.DLL
0x00007fff37170000 - 0x00007fff37179000 	C:\Windows\SYSTEM32\WSOCK32.dll
0x00007fff3d800000 - 0x00007fff3d86f000 	C:\Windows\System32\WS2_32.dll
0x00007fff38330000 - 0x00007fff38354000 	C:\Windows\SYSTEM32\WINMM.dll
0x00007fff38300000 - 0x00007fff3832d000 	C:\Windows\SYSTEM32\WINMMBASE.dll
0x00007fff3ba40000 - 0x00007fff3ba8a000 	C:\Windows\System32\cfgmgr32.dll
0x00007fff36120000 - 0x00007fff36130000 	C:\Program Files\Java\jdk-13.0.1\bin\verify.dll
0x00007fff2c030000 - 0x00007fff2c224000 	C:\Windows\SYSTEM32\DBGHELP.DLL
0x00007fff2c000000 - 0x00007fff2c02a000 	C:\Windows\SYSTEM32\dbgcore.DLL
0x00007fff2fc80000 - 0x00007fff2fca6000 	C:\Program Files\Java\jdk-13.0.1\bin\java.dll
0x00007fff11410000 - 0x00007fff11448000 	C:\Program Files\Java\jdk-13.0.1\bin\jdwp.dll
0x00007fff2bae0000 - 0x00007fff2baf7000 	C:\Program Files\Java\jdk-13.0.1\bin\zip.dll
0x00007fff30f00000 - 0x00007fff30f0a000 	C:\Program Files\Java\jdk-13.0.1\bin\jimage.dll

dbghelp: loaded successfully - version: 4.0.5 - missing functions: none
symbol engine: initialized successfully - sym options: 0x614 - pdb path: .;C:\Program Files\Java\jdk-13.0.1\bin;C:\Windows\SYSTEM32;C:\Windows\WinSxS\amd64_microsoft.windows.common-controls_6595b64144ccf1df_6.0.18362.720_none_e6beb5c51314836b;C:\Program Files\Java\jdk-13.0.1\bin\server

VM Arguments:
jvm_args: -agentlib:jdwp=transport=dt_socket,suspend=y,address=localhost:63677 -Dfile.encoding=Cp1252 
java_command: cucumber.api.cli.Main C:/Users/manua/eclipse-workspace/AutomationProject/src/test/resources/featureFiles/dailyExecutions/dailyCasesInCountries.feature --glue classpath: --plugin pretty --monochrome
java_class_path (initial): C:\Users\manua\eclipse-workspace\AutomationProject\target\classes;C:\Users\manua\eclipse-workspace\AutomationProject\target\test-classes;C:\Users\manua\.m2\repository\org\json\json\20190722\json-20190722.jar;C:\Users\manua\.m2\repository\com\jayway\restassured\rest-assured\2.9.0\rest-assured-2.9.0.jar;C:\Users\manua\.m2\repository\org\codehaus\groovy\groovy\2.4.4\groovy-2.4.4.jar;C:\Users\manua\.m2\repository\org\codehaus\groovy\groovy-xml\2.4.4\groovy-xml-2.4.4.jar;C:\Users\manua\.m2\repository\org\apache\httpcomponents\httpclient\4.5.1\httpclient-4.5.1.jar;C:\Users\manua\.m2\repository\org\apache\httpcomponents\httpmime\4.5.1\httpmime-4.5.1.jar;C:\Users\manua\.m2\repository\org\hamcrest\hamcrest-core\1.3\hamcrest-core-1.3.jar;C:\Users\manua\.m2\repository\org\hamcrest\hamcrest-library\1.3\hamcrest-library-1.3.jar;C:\Users\manua\.m2\repository\org\ccil\cowan\tagsoup\tagsoup\1.2.1\tagsoup-1.2.1.jar;C:\Users\manua\.m2\repository\com\jayway\restassured\json-path\2.9.0\json-path-2.9.0.jar;C:\Users\manua\.m2\repository\org\codehaus\groovy\groovy-json\2.4.4\groovy-json-2.4.4.jar;C:\Users\manua\.m2\repository\com\jayway\restassured\rest-assured-common\2.9.0\rest-assured-common-2.9.0.jar;C:\Users\manua\.m2\repository\com\jayway\restassured\xml-path\2.9.0\xml-path-2.9.0.jar;C:\Users\manua\.m2\repository\org\apache\commons\commons-lang3\3.3.2\commons-lang3-3.3.2.jar;C:\Users\manua\.m2\repository\javax\xml\bind\jaxb-api\2.3.1\jaxb-api-2.3.1.jar;C:\Users\manua\.m2\repository\javax\activation\javax.activation-api\1.2.0\javax.activation-api-1.2.0.jar;C:\Users\manua\.m2\repository\io\cucumber\cucumber-junit\5.6.0\cucumber-junit-5.6.0.jar;C:\Users\manua\.m2\repository\org\apiguardian\apiguardian-api\1.1.0\apiguardian-api-1.1.0.jar;C:\Users\manua\.m2\repository\io\cucumber\cucumber-core\5.6.0\cucumber-core-5.6.0.jar;C:\Users\manua\.m2\repository\io\cucumber\cucumber-gherkin\5.6.0\cucumber-gherkin-5.6.0.jar;C:\Users\manua\.m2\repository\io\cucumber\cucum
Launcher Type: SUN_STANDARD

[Global flags]
     intx CICompilerCount                          = 3                                         {product} {ergonomic}
     uint ConcGCThreads                            = 1                                         {product} {ergonomic}
     uint G1ConcRefinementThreads                  = 4                                         {product} {ergonomic}
   size_t G1HeapRegionSize                         = 1048576                                   {product} {ergonomic}
    uintx GCDrainStackTargetSize                   = 64                                        {product} {ergonomic}
   size_t InitialHeapSize                          = 132120576                                 {product} {ergonomic}
   size_t MarkStackSize                            = 4194304                                   {product} {ergonomic}
   size_t MaxHeapSize                              = 2109734912                                {product} {ergonomic}
   size_t MinHeapDeltaBytes                        = 1048576                                   {product} {ergonomic}
   size_t MinHeapSize                              = 8388608                                   {product} {ergonomic}
    uintx NonNMethodCodeHeapSize                   = 5830732                                {pd product} {ergonomic}
    uintx NonProfiledCodeHeapSize                  = 122913754                              {pd product} {ergonomic}
    uintx ProfiledCodeHeapSize                     = 122913754                              {pd product} {ergonomic}
    uintx ReservedCodeCacheSize                    = 251658240                              {pd product} {ergonomic}
     bool SegmentedCodeCache                       = true                                      {product} {ergonomic}
   size_t SoftMaxHeapSize                          = 2109734912                             {manageable} {ergonomic}
     bool UseCompressedClassPointers               = true                                 {lp64_product} {ergonomic}
     bool UseCompressedOops                        = true                                 {lp64_product} {ergonomic}
     bool UseG1GC                                  = true                                      {product} {ergonomic}
     bool UseLargePagesIndividualAllocation        = false                                  {pd product} {ergonomic}

Logging:
Log output configuration:
 #0: stdout all=warning uptime,level,tags
 #1: stderr all=off uptime,level,tags

Environment Variables:
JAVA_HOME=C:\Program Files\Java\jdk-13.0.1
PATH=C:/Program Files/Java/jdk-13.0.1/bin/server;C:/Program Files/Java/jdk-13.0.1/bin;C:\Python27\;C:\Python27\Scripts;C:\Windows\system32;C:\Windows;C:\Windows\System32\Wbem;C:\Windows\System32\WindowsPowerShell\v1.0\;C:\Windows\System32\OpenSSH\;C:\Program Files\nodejs\;C:\ProgramData\chocolatey\bin;C:\Users\manua\Desktop\apache-maven-3.6.3-bin\apache-maven-3.6.3\bin;C:\Program Files\Java\jdk-13.0.1\bin;C:\Users\manua\AppData\Local\Programs\Python\Python38-32\Scripts\;C:\Users\manua\AppData\Local\Programs\Python\Python38-32\;C:\Users\manua\AppData\Local\Microsoft\WindowsApps;C:\Users\manua\AppData\Roaming\npm;C:\Program Files\JetBrains\PyCharm Community Edition 2019.3.1\bin;;C:\Users\manua\Desktop;
USERNAME=manua
OS=Windows_NT
PROCESSOR_IDENTIFIER=Intel64 Family 6 Model 42 Stepping 7, GenuineIntel



---------------  S Y S T E M  ---------------

OS: Windows 10 , 64 bit Build 18362 (10.0.18362.329)

CPU:total 4 (initial active 4) (2 cores per cpu, 2 threads per core) family 6 model 42 stepping 7, cmov, cx8, fxsr, mmx, sse, sse2, sse3, ssse3, sse4.1, sse4.2, popcnt, avx, clmul, ht, tsc, tscinvbit

Memory: 4k page, system-wide physical 8043M (518M free)
TotalPageFile size 32619M (AvailPageFile size 49M)
current process WorkingSet (physical memory assigned to process): 15M, peak: 15M
current process commit charge ("private bytes"): 53M, peak: 178M

vm_info: Java HotSpot(TM) 64-Bit Server VM (13.0.1+9) for windows-amd64 JRE (13.0.1+9), built on Oct  6 2019 12:37:49 by "mach5one" with unknown MS VC++:1916

END.
